---------------------------------------------------------------
[ 2017-08-17T00:01:48+08:00 ] 127.0.0.1 127.0.0.1 GET /back/index/index
[ info ] www.atalivecar.com/back/index/index [运行时间：0.186011s][吞吐率：5.38req/s] [内存消耗：737.83kb] [文件加载：81]
[ info ] [ LANG ] F:\aliveDinner\upupw\www\atAliveCar\thinkphp\lang\zh-cn.php
[ info ] [ ROUTE ] array (
  'type' => 'module',
  'module' => 
  array (
    0 => 'back',
    1 => 'index',
    2 => 'index',
  ),
)
[ info ] [ HEADER ] array (
  'host' => 'www.atalivecar.com',
  'connection' => 'keep-alive',
  'pragma' => 'no-cache',
  'cache-control' => 'no-cache',
  'upgrade-insecure-requests' => '1',
  'user-agent' => 'Mozilla/5.0 (Windows NT 6.1; Win64; x64) AppleWebKit/537.36 (KHTML, like Gecko) Chrome/58.0.3029.110 Safari/537.36',
  'accept' => 'text/html,application/xhtml+xml,application/xml;q=0.9,image/webp,*/*;q=0.8',
  'referer' => 'http://www.atalivecar.com/back/login/login',
  'accept-encoding' => 'gzip, deflate, sdch',
  'accept-language' => 'zh-CN,zh;q=0.8',
  'cookie' => 'PHPSESSID=m7m1b39iblhd5n2stci3fnn3n0',
)
[ info ] [ PARAM ] array (
)
[ info ] [ DB ] INIT mysql
[ info ] [ SESSION ] INIT array (
  'id' => '',
  'var_session_id' => '',
  'prefix' => 'think',
  'type' => '',
  'auto_start' => true,
)
[ info ] [ DB ] INIT mysql
[ info ] [ RUN ] app\back\controller\IndexController->indexAction[ F:\aliveDinner\upupw\www\atAliveCar\application\back\controller\IndexController.php ]
[ info ] [ VIEW ] F:\aliveDinner\upupw\www\atAliveCar\public/../application/back\view\index\index.html [ array (
  0 => 'URL',
  1 => 'meta_title',
) ]
[ info ] [ LOG ] INIT File
[ sql ] [ DB ] CONNECT:[ UseTime:0.001000s ] mysql:dbname=atalivecar;host=127.0.0.1;port=3306;charset=utf8
[ sql ] [ SQL ] SHOW COLUMNS FROM `aac_config` [ RunTime:0.008000s ]
[ sql ] [ SQL ] SELECT `value` FROM `aac_config` WHERE  `name` = 'APP_DEBUG' LIMIT 1 [ RunTime:0.001000s ]
[ sql ] [ SQL ] SHOW COLUMNS FROM `aac_back_user_log` [ RunTime:0.003000s ]
[ sql ] [ SQL ] INSERT INTO `aac_back_user_log` (`route` , `url` , `user_agent` , `gets` , `posts` , `back_user_id` , `ip` , `target` , `created_at` , `updated_at`) VALUES ('/back/index/index' , '/back/index/index' , 'Mozilla/5.0 (Windows NT 6.1; Win64; x64) AppleWebKit/537.36 (KHTML, like Gecko) Chrome/58.0.3029.110 Safari/537.36' , '[]' , '[]' , 100 , '127.0.0.1' , '允许访问：/back/index/index' , '2017-08-17 00:01:48' , '2017-08-17 00:01:48') [ RunTime:0.029002s ]
[ log ] /back/index/index允许访问：/back/index/index
---------------------------------------------------------------
[ 2017-08-17T00:01:48+08:00 ] 127.0.0.1 127.0.0.1 GET /back/index/home.html?iframe=true
[ info ] www.atalivecar.com/back/index/home.html?iframe=true [运行时间：0.183011s][吞吐率：5.46req/s] [内存消耗：762.46kb] [文件加载：81]
[ info ] [ LANG ] F:\aliveDinner\upupw\www\atAliveCar\thinkphp\lang\zh-cn.php
[ info ] [ ROUTE ] array (
  'type' => 'module',
  'module' => 
  array (
    0 => 'back',
    1 => 'index',
    2 => 'home',
  ),
)
[ info ] [ HEADER ] array (
  'host' => 'www.atalivecar.com',
  'connection' => 'keep-alive',
  'pragma' => 'no-cache',
  'cache-control' => 'no-cache',
  'upgrade-insecure-requests' => '1',
  'user-agent' => 'Mozilla/5.0 (Windows NT 6.1; Win64; x64) AppleWebKit/537.36 (KHTML, like Gecko) Chrome/58.0.3029.110 Safari/537.36',
  'accept' => 'text/html,application/xhtml+xml,application/xml;q=0.9,image/webp,*/*;q=0.8',
  'referer' => 'http://www.atalivecar.com/back/index/index',
  'accept-encoding' => 'gzip, deflate, sdch',
  'accept-language' => 'zh-CN,zh;q=0.8',
  'cookie' => 'PHPSESSID=m7m1b39iblhd5n2stci3fnn3n0',
)
[ info ] [ PARAM ] array (
  'iframe' => 'true',
)
[ info ] [ DB ] INIT mysql
[ info ] [ SESSION ] INIT array (
  'id' => '',
  'var_session_id' => '',
  'prefix' => 'think',
  'type' => '',
  'auto_start' => true,
)
[ info ] [ DB ] INIT mysql
[ info ] [ RUN ] app\back\controller\IndexController->homeAction[ F:\aliveDinner\upupw\www\atAliveCar\application\back\controller\IndexController.php ]
[ info ] [ VIEW ] F:\aliveDinner\upupw\www\atAliveCar\public/../application/back\view\index\home.html [ array (
  0 => 'URL',
  1 => 'meta_title',
) ]
[ info ] [ LOG ] INIT File
[ sql ] [ DB ] CONNECT:[ UseTime:0.002000s ] mysql:dbname=atalivecar;host=127.0.0.1;port=3306;charset=utf8
[ sql ] [ SQL ] SHOW COLUMNS FROM `aac_config` [ RunTime:0.003001s ]
[ sql ] [ SQL ] SELECT `value` FROM `aac_config` WHERE  `name` = 'APP_DEBUG' LIMIT 1 [ RunTime:0.001000s ]
[ sql ] [ SQL ] SHOW COLUMNS FROM `aac_back_user_log` [ RunTime:0.003000s ]
[ sql ] [ SQL ] INSERT INTO `aac_back_user_log` (`route` , `url` , `user_agent` , `gets` , `posts` , `back_user_id` , `ip` , `target` , `created_at` , `updated_at`) VALUES ('/back/index/home.html?iframe=true' , '/back/index/home.html?iframe=true' , 'Mozilla/5.0 (Windows NT 6.1; Win64; x64) AppleWebKit/537.36 (KHTML, like Gecko) Chrome/58.0.3029.110 Safari/537.36' , '{\"iframe\":\"true\"}' , '[]' , 100 , '127.0.0.1' , '允许访问：/back/index/home' , '2017-08-17 00:01:48' , '2017-08-17 00:01:48') [ RunTime:0.041002s ]
[ log ] /back/index/home.html?iframe=true允许访问：/back/index/home
---------------------------------------------------------------
[ 2017-08-17T00:01:49+08:00 ] 127.0.0.1 127.0.0.1 GET /back/login/logout.html
[ info ] www.atalivecar.com/back/login/logout.html [运行时间：0.114006s][吞吐率：8.77req/s] [内存消耗：629.08kb] [文件加载：69]
[ info ] [ LANG ] F:\aliveDinner\upupw\www\atAliveCar\thinkphp\lang\zh-cn.php
[ info ] [ ROUTE ] array (
  'type' => 'module',
  'module' => 
  array (
    0 => 'back',
    1 => 'login',
    2 => 'logout',
  ),
)
[ info ] [ HEADER ] array (
  'host' => 'www.atalivecar.com',
  'connection' => 'keep-alive',
  'upgrade-insecure-requests' => '1',
  'user-agent' => 'Mozilla/5.0 (Windows NT 6.1; Win64; x64) AppleWebKit/537.36 (KHTML, like Gecko) Chrome/58.0.3029.110 Safari/537.36',
  'accept' => 'text/html,application/xhtml+xml,application/xml;q=0.9,image/webp,*/*;q=0.8',
  'referer' => 'http://www.atalivecar.com/back/index/index',
  'accept-encoding' => 'gzip, deflate, sdch',
  'accept-language' => 'zh-CN,zh;q=0.8',
  'cookie' => 'PHPSESSID=m7m1b39iblhd5n2stci3fnn3n0',
)
[ info ] [ PARAM ] array (
)
[ info ] [ DB ] INIT mysql
[ info ] [ RUN ] app\back\controller\LoginController->logoutAction[ F:\aliveDinner\upupw\www\atAliveCar\application\back\controller\LoginController.php ]
[ info ] [ SESSION ] INIT array (
  'id' => '',
  'var_session_id' => '',
  'prefix' => 'think',
  'type' => '',
  'auto_start' => true,
)
[ info ] [ VIEW ] F:\aliveDinner\upupw\www\atAliveCar\thinkphp\tpl\dispatch_jump.tpl [ array (
  0 => 'URL',
  1 => 'code',
  2 => 'msg',
  3 => 'data',
  4 => 'url',
  5 => 'wait',
) ]
[ info ] [ LOG ] INIT File
[ sql ] [ DB ] CONNECT:[ UseTime:0.000000s ] mysql:dbname=atalivecar;host=127.0.0.1;port=3306;charset=utf8
[ sql ] [ SQL ] SHOW COLUMNS FROM `aac_config` [ RunTime:0.003000s ]
[ sql ] [ SQL ] SELECT `value` FROM `aac_config` WHERE  `name` = 'APP_DEBUG' LIMIT 1 [ RunTime:0.000000s ]
---------------------------------------------------------------
[ 2017-08-17T00:01:50+08:00 ] 127.0.0.1 127.0.0.1 GET /back/login/login
[ info ] www.atalivecar.com/back/login/login [运行时间：0.107006s][吞吐率：9.35req/s] [内存消耗：640.30kb] [文件加载：68]
[ info ] [ LANG ] F:\aliveDinner\upupw\www\atAliveCar\thinkphp\lang\zh-cn.php
[ info ] [ ROUTE ] array (
  'type' => 'module',
  'module' => 
  array (
    0 => 'back',
    1 => 'login',
    2 => 'login',
  ),
)
[ info ] [ HEADER ] array (
  'host' => 'www.atalivecar.com',
  'connection' => 'keep-alive',
  'upgrade-insecure-requests' => '1',
  'user-agent' => 'Mozilla/5.0 (Windows NT 6.1; Win64; x64) AppleWebKit/537.36 (KHTML, like Gecko) Chrome/58.0.3029.110 Safari/537.36',
  'accept' => 'text/html,application/xhtml+xml,application/xml;q=0.9,image/webp,*/*;q=0.8',
  'referer' => 'http://www.atalivecar.com/back/login/logout.html',
  'accept-encoding' => 'gzip, deflate, sdch',
  'accept-language' => 'zh-CN,zh;q=0.8',
  'cookie' => 'PHPSESSID=m7m1b39iblhd5n2stci3fnn3n0',
)
[ info ] [ PARAM ] array (
)
[ info ] [ DB ] INIT mysql
[ info ] [ RUN ] app\back\controller\LoginController->loginAction[ F:\aliveDinner\upupw\www\atAliveCar\application\back\controller\LoginController.php ]
[ info ] [ SESSION ] INIT array (
  'id' => '',
  'var_session_id' => '',
  'prefix' => 'think',
  'type' => '',
  'auto_start' => true,
)
[ info ] [ VIEW ] F:\aliveDinner\upupw\www\atAliveCar\public/../application/back\view\login\login.html [ array (
  0 => 'URL',
  1 => 'meta_title',
) ]
[ info ] [ LOG ] INIT File
[ sql ] [ DB ] CONNECT:[ UseTime:0.000000s ] mysql:dbname=atalivecar;host=127.0.0.1;port=3306;charset=utf8
[ sql ] [ SQL ] SHOW COLUMNS FROM `aac_config` [ RunTime:0.004000s ]
[ sql ] [ SQL ] SELECT `value` FROM `aac_config` WHERE  `name` = 'APP_DEBUG' LIMIT 1 [ RunTime:0.000000s ]
---------------------------------------------------------------
[ 2017-08-17T00:01:53+08:00 ] 127.0.0.1 127.0.0.1 POST /back/login/login
[ info ] www.atalivecar.com/back/login/login [运行时间：1.715098s][吞吐率：0.58req/s] [内存消耗：672.73kb] [文件加载：73]
[ info ] [ LANG ] F:\aliveDinner\upupw\www\atAliveCar\thinkphp\lang\zh-cn.php
[ info ] [ ROUTE ] array (
  'type' => 'module',
  'module' => 
  array (
    0 => 'back',
    1 => 'login',
    2 => 'login',
  ),
)
[ info ] [ HEADER ] array (
  'host' => 'www.atalivecar.com',
  'connection' => 'keep-alive',
  'content-length' => '72',
  'accept' => '*/*',
  'origin' => 'http://www.atalivecar.com',
  'x-requested-with' => 'XMLHttpRequest',
  'user-agent' => 'Mozilla/5.0 (Windows NT 6.1; Win64; x64) AppleWebKit/537.36 (KHTML, like Gecko) Chrome/58.0.3029.110 Safari/537.36',
  'content-type' => 'application/x-www-form-urlencoded; charset=UTF-8',
  'referer' => 'http://www.atalivecar.com/back/login/login',
  'accept-encoding' => 'gzip, deflate',
  'accept-language' => 'zh-CN,zh;q=0.8',
  'cookie' => 'PHPSESSID=m7m1b39iblhd5n2stci3fnn3n0',
)
[ info ] [ PARAM ] array (
  '__token__' => '3de75c38102827ab04f8f46f68bfb7a4',
  'username' => 'hfzy',
  'password' => '123456',
)
[ info ] [ DB ] INIT mysql
[ info ] [ RUN ] app\back\controller\LoginController->loginAction[ F:\aliveDinner\upupw\www\atAliveCar\application\back\controller\LoginController.php ]
[ info ] [ SESSION ] INIT array (
  'id' => '',
  'var_session_id' => '',
  'prefix' => 'think',
  'type' => '',
  'auto_start' => true,
)
[ info ] [ LOG ] INIT File
[ sql ] [ DB ] CONNECT:[ UseTime:0.000000s ] mysql:dbname=atalivecar;host=127.0.0.1;port=3306;charset=utf8
[ sql ] [ SQL ] SHOW COLUMNS FROM `aac_config` [ RunTime:0.002000s ]
[ sql ] [ SQL ] SELECT `value` FROM `aac_config` WHERE  `name` = 'APP_DEBUG' LIMIT 1 [ RunTime:0.001000s ]
[ sql ] [ SQL ] SHOW COLUMNS FROM `aac_back_user` [ RunTime:0.003000s ]
[ sql ] [ SQL ] SELECT `id` FROM `aac_back_user` WHERE  `username` = 'hfzy' LIMIT 1 [ RunTime:0.000000s ]
[ sql ] [ SQL ] SELECT `id` FROM `aac_back_user` WHERE  `username` = 'hfzy' LIMIT 1 [ RunTime:0.000000s ]
[ sql ] [ SQL ] SELECT `t`.*,d.name as departmentName FROM `aac_back_user` `t` INNER JOIN `aac_department` `d` ON `t`.`department_id`=`d`.`id` WHERE  `t`.`is_delete` = '1'  AND `t`.`username` = 'hfzy'  AND `d`.`level` IN ('0','1','2','3') LIMIT 1 [ RunTime:0.000000s ]
[ sql ] [ SQL ] UPDATE `aac_back_user` `t`  INNER JOIN `aac_department` `d` ON `t`.`department_id`=`d`.`id` SET `t`.`password`='$2y$13$t7MWc1NT3h1OH/w5wVQTIuvlrwar3Ga/qRB5aJxE3CxsAXQrfvfBy',`t`.`logined_at`='2017-08-17 00:01:52',`t`.`updated_at`='2017-08-17 00:01:52',`t`.`ip`='{\"last\":[\"127.0.0.1\",\"2017-08-16 22:06:03\"],\"current\":[\"127.0.0.1\",\"2017-08-17 00:01:52\"],\"often\":[\"127.0.0.1\"],\"haply\":[\"127.0.0.1\"],\"once\":{\"127.0.0.1\":[1,\"2017-08-17 00:01:52\"]}}',`t`.`status`='1'  WHERE  `t`.`username` = 'hfzy'  AND `d`.`level` IN ('0','1','2','3') [ RunTime:0.028002s ]
[ sql ] [ SQL ] SHOW COLUMNS FROM `aac_user_login_log` [ RunTime:0.006000s ]
[ sql ] [ SQL ] INSERT INTO `aac_user_login_log` (`route` , `url` , `user_agent` , `gets` , `posts` , `user_id` , `app` , `ip` , `target` , `created_at` , `updated_at`) VALUES ('back/login/login' , '/back/login/login' , 'Mozilla/5.0 (Windows NT 6.1; Win64; x64) AppleWebKit/537.36 (KHTML, like Gecko) Chrome/58.0.3029.110 Safari/537.36' , '[]' , '{\"__token__\":\"3de75c38102827ab04f8f46f68bfb7a4\",\"username\":\"hfzy\"}' , 100 , NULL , '1' , '127.0.0.1' , '2017-08-17 00:01:53' , '2017-08-17 00:01:53') [ RunTime:0.028002s ]
---------------------------------------------------------------
[ 2017-08-17T00:01:53+08:00 ] 127.0.0.1 127.0.0.1 GET /back/index/index
[ info ] www.atalivecar.com/back/index/index [运行时间：0.181010s][吞吐率：5.52req/s] [内存消耗：737.70kb] [文件加载：81]
[ info ] [ LANG ] F:\aliveDinner\upupw\www\atAliveCar\thinkphp\lang\zh-cn.php
[ info ] [ ROUTE ] array (
  'type' => 'module',
  'module' => 
  array (
    0 => 'back',
    1 => 'index',
    2 => 'index',
  ),
)
[ info ] [ HEADER ] array (
  'host' => 'www.atalivecar.com',
  'connection' => 'keep-alive',
  'upgrade-insecure-requests' => '1',
  'user-agent' => 'Mozilla/5.0 (Windows NT 6.1; Win64; x64) AppleWebKit/537.36 (KHTML, like Gecko) Chrome/58.0.3029.110 Safari/537.36',
  'accept' => 'text/html,application/xhtml+xml,application/xml;q=0.9,image/webp,*/*;q=0.8',
  'referer' => 'http://www.atalivecar.com/back/login/login',
  'accept-encoding' => 'gzip, deflate, sdch',
  'accept-language' => 'zh-CN,zh;q=0.8',
  'cookie' => 'PHPSESSID=m7m1b39iblhd5n2stci3fnn3n0',
)
[ info ] [ PARAM ] array (
)
[ info ] [ DB ] INIT mysql
[ info ] [ SESSION ] INIT array (
  'id' => '',
  'var_session_id' => '',
  'prefix' => 'think',
  'type' => '',
  'auto_start' => true,
)
[ info ] [ DB ] INIT mysql
[ info ] [ RUN ] app\back\controller\IndexController->indexAction[ F:\aliveDinner\upupw\www\atAliveCar\application\back\controller\IndexController.php ]
[ info ] [ VIEW ] F:\aliveDinner\upupw\www\atAliveCar\public/../application/back\view\index\index.html [ array (
  0 => 'URL',
  1 => 'meta_title',
) ]
[ info ] [ LOG ] INIT File
[ sql ] [ DB ] CONNECT:[ UseTime:0.000000s ] mysql:dbname=atalivecar;host=127.0.0.1;port=3306;charset=utf8
[ sql ] [ SQL ] SHOW COLUMNS FROM `aac_config` [ RunTime:0.002000s ]
[ sql ] [ SQL ] SELECT `value` FROM `aac_config` WHERE  `name` = 'APP_DEBUG' LIMIT 1 [ RunTime:0.000000s ]
[ sql ] [ SQL ] SHOW COLUMNS FROM `aac_back_user_log` [ RunTime:0.006000s ]
[ sql ] [ SQL ] INSERT INTO `aac_back_user_log` (`route` , `url` , `user_agent` , `gets` , `posts` , `back_user_id` , `ip` , `target` , `created_at` , `updated_at`) VALUES ('/back/index/index' , '/back/index/index' , 'Mozilla/5.0 (Windows NT 6.1; Win64; x64) AppleWebKit/537.36 (KHTML, like Gecko) Chrome/58.0.3029.110 Safari/537.36' , '[]' , '[]' , 100 , '127.0.0.1' , '允许访问：/back/index/index' , '2017-08-17 00:01:53' , '2017-08-17 00:01:53') [ RunTime:0.034002s ]
[ log ] /back/index/index允许访问：/back/index/index
---------------------------------------------------------------
[ 2017-08-17T00:01:53+08:00 ] 127.0.0.1 127.0.0.1 GET /back/index/home.html?iframe=true
[ info ] www.atalivecar.com/back/index/home.html?iframe=true [运行时间：0.173010s][吞吐率：5.78req/s] [内存消耗：762.31kb] [文件加载：81]
[ info ] [ LANG ] F:\aliveDinner\upupw\www\atAliveCar\thinkphp\lang\zh-cn.php
[ info ] [ ROUTE ] array (
  'type' => 'module',
  'module' => 
  array (
    0 => 'back',
    1 => 'index',
    2 => 'home',
  ),
)
[ info ] [ HEADER ] array (
  'host' => 'www.atalivecar.com',
  'connection' => 'keep-alive',
  'upgrade-insecure-requests' => '1',
  'user-agent' => 'Mozilla/5.0 (Windows NT 6.1; Win64; x64) AppleWebKit/537.36 (KHTML, like Gecko) Chrome/58.0.3029.110 Safari/537.36',
  'accept' => 'text/html,application/xhtml+xml,application/xml;q=0.9,image/webp,*/*;q=0.8',
  'referer' => 'http://www.atalivecar.com/back/index/index',
  'accept-encoding' => 'gzip, deflate, sdch',
  'accept-language' => 'zh-CN,zh;q=0.8',
  'cookie' => 'PHPSESSID=m7m1b39iblhd5n2stci3fnn3n0',
)
[ info ] [ PARAM ] array (
  'iframe' => 'true',
)
[ info ] [ DB ] INIT mysql
[ info ] [ SESSION ] INIT array (
  'id' => '',
  'var_session_id' => '',
  'prefix' => 'think',
  'type' => '',
  'auto_start' => true,
)
[ info ] [ DB ] INIT mysql
[ info ] [ RUN ] app\back\controller\IndexController->homeAction[ F:\aliveDinner\upupw\www\atAliveCar\application\back\controller\IndexController.php ]
[ info ] [ VIEW ] F:\aliveDinner\upupw\www\atAliveCar\public/../application/back\view\index\home.html [ array (
  0 => 'URL',
  1 => 'meta_title',
) ]
[ info ] [ LOG ] INIT File
[ sql ] [ DB ] CONNECT:[ UseTime:0.000000s ] mysql:dbname=atalivecar;host=127.0.0.1;port=3306;charset=utf8
[ sql ] [ SQL ] SHOW COLUMNS FROM `aac_config` [ RunTime:0.002000s ]
[ sql ] [ SQL ] SELECT `value` FROM `aac_config` WHERE  `name` = 'APP_DEBUG' LIMIT 1 [ RunTime:0.001000s ]
[ sql ] [ SQL ] SHOW COLUMNS FROM `aac_back_user_log` [ RunTime:0.002000s ]
[ sql ] [ SQL ] INSERT INTO `aac_back_user_log` (`route` , `url` , `user_agent` , `gets` , `posts` , `back_user_id` , `ip` , `target` , `created_at` , `updated_at`) VALUES ('/back/index/home.html?iframe=true' , '/back/index/home.html?iframe=true' , 'Mozilla/5.0 (Windows NT 6.1; Win64; x64) AppleWebKit/537.36 (KHTML, like Gecko) Chrome/58.0.3029.110 Safari/537.36' , '{\"iframe\":\"true\"}' , '[]' , 100 , '127.0.0.1' , '允许访问：/back/index/home' , '2017-08-17 00:01:53' , '2017-08-17 00:01:53') [ RunTime:0.029002s ]
[ log ] /back/index/home.html?iframe=true允许访问：/back/index/home
---------------------------------------------------------------
[ 2017-08-17T00:01:54+08:00 ] 127.0.0.1 127.0.0.1 GET /manage/index/home.html
[ info ] www.atalivecar.com/manage/index/home.html [运行时间：0.059003s][吞吐率：16.95req/s] [内存消耗：230.39kb] [文件加载：49]
[ info ] [ LANG ] F:\aliveDinner\upupw\www\atAliveCar\thinkphp\lang\zh-cn.php
[ info ] [ ROUTE ] array (
  'type' => 'module',
  'module' => 
  array (
    0 => 'manage',
    1 => 'index',
    2 => 'home',
  ),
)
[ info ] [ HEADER ] array (
  'host' => 'www.atalivecar.com',
  'connection' => 'keep-alive',
  'upgrade-insecure-requests' => '1',
  'user-agent' => 'Mozilla/5.0 (Windows NT 6.1; Win64; x64) AppleWebKit/537.36 (KHTML, like Gecko) Chrome/58.0.3029.110 Safari/537.36',
  'accept' => 'text/html,application/xhtml+xml,application/xml;q=0.9,image/webp,*/*;q=0.8',
  'referer' => 'http://www.atalivecar.com/back/index/index',
  'accept-encoding' => 'gzip, deflate, sdch',
  'accept-language' => 'zh-CN,zh;q=0.8',
  'cookie' => 'PHPSESSID=m7m1b39iblhd5n2stci3fnn3n0',
)
[ info ] [ PARAM ] array (
)
[ info ] [ LOG ] INIT File
---------------------------------------------------------------
[ 2017-08-17T00:01:56+08:00 ] 127.0.0.1 127.0.0.1 GET /manage/data/index.html
[ info ] www.atalivecar.com/manage/data/index.html [运行时间：0.055003s][吞吐率：18.18req/s] [内存消耗：230.39kb] [文件加载：49]
[ info ] [ LANG ] F:\aliveDinner\upupw\www\atAliveCar\thinkphp\lang\zh-cn.php
[ info ] [ ROUTE ] array (
  'type' => 'module',
  'module' => 
  array (
    0 => 'manage',
    1 => 'data',
    2 => 'index',
  ),
)
[ info ] [ HEADER ] array (
  'host' => 'www.atalivecar.com',
  'connection' => 'keep-alive',
  'upgrade-insecure-requests' => '1',
  'user-agent' => 'Mozilla/5.0 (Windows NT 6.1; Win64; x64) AppleWebKit/537.36 (KHTML, like Gecko) Chrome/58.0.3029.110 Safari/537.36',
  'accept' => 'text/html,application/xhtml+xml,application/xml;q=0.9,image/webp,*/*;q=0.8',
  'referer' => 'http://www.atalivecar.com/back/index/index',
  'accept-encoding' => 'gzip, deflate, sdch',
  'accept-language' => 'zh-CN,zh;q=0.8',
  'cookie' => 'PHPSESSID=m7m1b39iblhd5n2stci3fnn3n0',
)
[ info ] [ PARAM ] array (
)
[ info ] [ LOG ] INIT File
---------------------------------------------------------------
[ 2017-08-17T00:02:00+08:00 ] 127.0.0.1 127.0.0.1 GET /manage/house/index.html
[ info ] www.atalivecar.com/manage/house/index.html [运行时间：0.063004s][吞吐率：15.87req/s] [内存消耗：230.40kb] [文件加载：49]
[ info ] [ LANG ] F:\aliveDinner\upupw\www\atAliveCar\thinkphp\lang\zh-cn.php
[ info ] [ ROUTE ] array (
  'type' => 'module',
  'module' => 
  array (
    0 => 'manage',
    1 => 'house',
    2 => 'index',
  ),
)
[ info ] [ HEADER ] array (
  'host' => 'www.atalivecar.com',
  'connection' => 'keep-alive',
  'upgrade-insecure-requests' => '1',
  'user-agent' => 'Mozilla/5.0 (Windows NT 6.1; Win64; x64) AppleWebKit/537.36 (KHTML, like Gecko) Chrome/58.0.3029.110 Safari/537.36',
  'accept' => 'text/html,application/xhtml+xml,application/xml;q=0.9,image/webp,*/*;q=0.8',
  'referer' => 'http://www.atalivecar.com/back/index/index',
  'accept-encoding' => 'gzip, deflate, sdch',
  'accept-language' => 'zh-CN,zh;q=0.8',
  'cookie' => 'PHPSESSID=m7m1b39iblhd5n2stci3fnn3n0',
)
[ info ] [ PARAM ] array (
)
[ info ] [ LOG ] INIT File
---------------------------------------------------------------
[ 2017-08-17T00:02:00+08:00 ] 127.0.0.1 127.0.0.1 GET /manage/house/create.html
[ info ] www.atalivecar.com/manage/house/create.html [运行时间：0.061004s][吞吐率：16.39req/s] [内存消耗：230.41kb] [文件加载：49]
[ info ] [ LANG ] F:\aliveDinner\upupw\www\atAliveCar\thinkphp\lang\zh-cn.php
[ info ] [ ROUTE ] array (
  'type' => 'module',
  'module' => 
  array (
    0 => 'manage',
    1 => 'house',
    2 => 'create',
  ),
)
[ info ] [ HEADER ] array (
  'host' => 'www.atalivecar.com',
  'connection' => 'keep-alive',
  'upgrade-insecure-requests' => '1',
  'user-agent' => 'Mozilla/5.0 (Windows NT 6.1; Win64; x64) AppleWebKit/537.36 (KHTML, like Gecko) Chrome/58.0.3029.110 Safari/537.36',
  'accept' => 'text/html,application/xhtml+xml,application/xml;q=0.9,image/webp,*/*;q=0.8',
  'referer' => 'http://www.atalivecar.com/back/index/index',
  'accept-encoding' => 'gzip, deflate, sdch',
  'accept-language' => 'zh-CN,zh;q=0.8',
  'cookie' => 'PHPSESSID=m7m1b39iblhd5n2stci3fnn3n0',
)
[ info ] [ PARAM ] array (
)
[ info ] [ LOG ] INIT File
---------------------------------------------------------------
[ 2017-08-17T00:02:01+08:00 ] 127.0.0.1 127.0.0.1 GET /manage/hand_house/create.html
[ info ] www.atalivecar.com/manage/hand_house/create.html [运行时间：0.056004s][吞吐率：17.86req/s] [内存消耗：230.43kb] [文件加载：49]
[ info ] [ LANG ] F:\aliveDinner\upupw\www\atAliveCar\thinkphp\lang\zh-cn.php
[ info ] [ ROUTE ] array (
  'type' => 'module',
  'module' => 
  array (
    0 => 'manage',
    1 => 'hand_house',
    2 => 'create',
  ),
)
[ info ] [ HEADER ] array (
  'host' => 'www.atalivecar.com',
  'connection' => 'keep-alive',
  'upgrade-insecure-requests' => '1',
  'user-agent' => 'Mozilla/5.0 (Windows NT 6.1; Win64; x64) AppleWebKit/537.36 (KHTML, like Gecko) Chrome/58.0.3029.110 Safari/537.36',
  'accept' => 'text/html,application/xhtml+xml,application/xml;q=0.9,image/webp,*/*;q=0.8',
  'referer' => 'http://www.atalivecar.com/back/index/index',
  'accept-encoding' => 'gzip, deflate, sdch',
  'accept-language' => 'zh-CN,zh;q=0.8',
  'cookie' => 'PHPSESSID=m7m1b39iblhd5n2stci3fnn3n0',
)
[ info ] [ PARAM ] array (
)
[ info ] [ LOG ] INIT File
---------------------------------------------------------------
[ 2017-08-17T00:02:01+08:00 ] 127.0.0.1 127.0.0.1 GET /manage/house/super.html
[ info ] www.atalivecar.com/manage/house/super.html [运行时间：0.056003s][吞吐率：17.86req/s] [内存消耗：230.40kb] [文件加载：49]
[ info ] [ LANG ] F:\aliveDinner\upupw\www\atAliveCar\thinkphp\lang\zh-cn.php
[ info ] [ ROUTE ] array (
  'type' => 'module',
  'module' => 
  array (
    0 => 'manage',
    1 => 'house',
    2 => 'super',
  ),
)
[ info ] [ HEADER ] array (
  'host' => 'www.atalivecar.com',
  'connection' => 'keep-alive',
  'upgrade-insecure-requests' => '1',
  'user-agent' => 'Mozilla/5.0 (Windows NT 6.1; Win64; x64) AppleWebKit/537.36 (KHTML, like Gecko) Chrome/58.0.3029.110 Safari/537.36',
  'accept' => 'text/html,application/xhtml+xml,application/xml;q=0.9,image/webp,*/*;q=0.8',
  'referer' => 'http://www.atalivecar.com/back/index/index',
  'accept-encoding' => 'gzip, deflate, sdch',
  'accept-language' => 'zh-CN,zh;q=0.8',
  'cookie' => 'PHPSESSID=m7m1b39iblhd5n2stci3fnn3n0',
)
[ info ] [ PARAM ] array (
)
[ info ] [ LOG ] INIT File
---------------------------------------------------------------
[ 2017-08-17T00:02:49+08:00 ] 127.0.0.1 127.0.0.1 GET /back/index/index
[ info ] www.atalivecar.com/back/index/index [运行时间：0.191011s][吞吐率：5.24req/s] [内存消耗：737.84kb] [文件加载：81]
[ info ] [ LANG ] F:\aliveDinner\upupw\www\atAliveCar\thinkphp\lang\zh-cn.php
[ info ] [ ROUTE ] array (
  'type' => 'module',
  'module' => 
  array (
    0 => 'back',
    1 => 'index',
    2 => 'index',
  ),
)
[ info ] [ HEADER ] array (
  'host' => 'www.atalivecar.com',
  'connection' => 'keep-alive',
  'pragma' => 'no-cache',
  'cache-control' => 'no-cache',
  'upgrade-insecure-requests' => '1',
  'user-agent' => 'Mozilla/5.0 (Windows NT 6.1; Win64; x64) AppleWebKit/537.36 (KHTML, like Gecko) Chrome/58.0.3029.110 Safari/537.36',
  'accept' => 'text/html,application/xhtml+xml,application/xml;q=0.9,image/webp,*/*;q=0.8',
  'referer' => 'http://www.atalivecar.com/back/login/login',
  'accept-encoding' => 'gzip, deflate, sdch',
  'accept-language' => 'zh-CN,zh;q=0.8',
  'cookie' => 'PHPSESSID=m7m1b39iblhd5n2stci3fnn3n0',
)
[ info ] [ PARAM ] array (
)
[ info ] [ DB ] INIT mysql
[ info ] [ SESSION ] INIT array (
  'id' => '',
  'var_session_id' => '',
  'prefix' => 'think',
  'type' => '',
  'auto_start' => true,
)
[ info ] [ DB ] INIT mysql
[ info ] [ RUN ] app\back\controller\IndexController->indexAction[ F:\aliveDinner\upupw\www\atAliveCar\application\back\controller\IndexController.php ]
[ info ] [ VIEW ] F:\aliveDinner\upupw\www\atAliveCar\public/../application/back\view\index\index.html [ array (
  0 => 'URL',
  1 => 'meta_title',
) ]
[ info ] [ LOG ] INIT File
[ sql ] [ DB ] CONNECT:[ UseTime:0.000000s ] mysql:dbname=atalivecar;host=127.0.0.1;port=3306;charset=utf8
[ sql ] [ SQL ] SHOW COLUMNS FROM `aac_config` [ RunTime:0.002000s ]
[ sql ] [ SQL ] SELECT `value` FROM `aac_config` WHERE  `name` = 'APP_DEBUG' LIMIT 1 [ RunTime:0.000000s ]
[ sql ] [ SQL ] SHOW COLUMNS FROM `aac_back_user_log` [ RunTime:0.003000s ]
[ sql ] [ SQL ] INSERT INTO `aac_back_user_log` (`route` , `url` , `user_agent` , `gets` , `posts` , `back_user_id` , `ip` , `target` , `created_at` , `updated_at`) VALUES ('/back/index/index' , '/back/index/index' , 'Mozilla/5.0 (Windows NT 6.1; Win64; x64) AppleWebKit/537.36 (KHTML, like Gecko) Chrome/58.0.3029.110 Safari/537.36' , '[]' , '[]' , 100 , '127.0.0.1' , '允许访问：/back/index/index' , '2017-08-17 00:02:49' , '2017-08-17 00:02:49') [ RunTime:0.033002s ]
[ log ] /back/index/index允许访问：/back/index/index
---------------------------------------------------------------
[ 2017-08-17T00:02:49+08:00 ] 127.0.0.1 127.0.0.1 GET /back/index/nav
[ info ] www.atalivecar.com/back/index/nav [运行时间：0.215012s][吞吐率：4.65req/s] [内存消耗：909.82kb] [文件加载：89]
[ info ] [ LANG ] F:\aliveDinner\upupw\www\atAliveCar\thinkphp\lang\zh-cn.php
[ info ] [ ROUTE ] array (
  'type' => 'module',
  'module' => 
  array (
    0 => 'back',
    1 => 'index',
    2 => 'nav',
  ),
)
[ info ] [ HEADER ] array (
  'host' => 'www.atalivecar.com',
  'connection' => 'keep-alive',
  'pragma' => 'no-cache',
  'cache-control' => 'no-cache',
  'accept' => 'application/json, text/javascript, */*; q=0.01',
  'x-requested-with' => 'XMLHttpRequest',
  'user-agent' => 'Mozilla/5.0 (Windows NT 6.1; Win64; x64) AppleWebKit/537.36 (KHTML, like Gecko) Chrome/58.0.3029.110 Safari/537.36',
  'referer' => 'http://www.atalivecar.com/back/index/index',
  'accept-encoding' => 'gzip, deflate, sdch',
  'accept-language' => 'zh-CN,zh;q=0.8',
  'cookie' => 'PHPSESSID=m7m1b39iblhd5n2stci3fnn3n0',
)
[ info ] [ PARAM ] array (
)
[ info ] [ DB ] INIT mysql
[ info ] [ SESSION ] INIT array (
  'id' => '',
  'var_session_id' => '',
  'prefix' => 'think',
  'type' => '',
  'auto_start' => true,
)
[ info ] [ DB ] INIT mysql
[ info ] [ RUN ] app\back\controller\IndexController->navAction[ F:\aliveDinner\upupw\www\atAliveCar\application\back\controller\IndexController.php ]
[ info ] [ CACHE ] INIT File
[ info ] [ LOG ] INIT File
[ sql ] [ DB ] CONNECT:[ UseTime:0.001000s ] mysql:dbname=atalivecar;host=127.0.0.1;port=3306;charset=utf8
[ sql ] [ SQL ] SHOW COLUMNS FROM `aac_config` [ RunTime:0.003000s ]
[ sql ] [ SQL ] SELECT `value` FROM `aac_config` WHERE  `name` = 'APP_DEBUG' LIMIT 1 [ RunTime:0.001000s ]
[ sql ] [ SQL ] SHOW COLUMNS FROM `aac_back_user_log` [ RunTime:0.005000s ]
[ sql ] [ SQL ] INSERT INTO `aac_back_user_log` (`route` , `url` , `user_agent` , `gets` , `posts` , `back_user_id` , `ip` , `target` , `created_at` , `updated_at`) VALUES ('/back/index/nav' , '/back/index/nav' , 'Mozilla/5.0 (Windows NT 6.1; Win64; x64) AppleWebKit/537.36 (KHTML, like Gecko) Chrome/58.0.3029.110 Safari/537.36' , '[]' , '[]' , 100 , '127.0.0.1' , '允许访问：/back/index/nav_AJAX' , '2017-08-17 00:02:49' , '2017-08-17 00:02:49') [ RunTime:0.030002s ]
[ sql ] [ SQL ] SHOW COLUMNS FROM `aac_menu` [ RunTime:0.003000s ]
[ sql ] [ SQL ] SELECT `id`,`name`,`parent`,`route`,`order`,`type`,`data` FROM `aac_menu` WHERE  `type` = 1 ORDER BY id asc [ RunTime:0.001000s ]
[ sql ] [ SQL ] SHOW COLUMNS FROM `aac_auth_assignment` [ RunTime:0.003000s ]
[ sql ] [ SQL ] SELECT `a`.* FROM `aac_auth_assignment` `t` INNER JOIN `aac_auth_item` `a` ON `t`.`item_name`=`a`.`name` WHERE  `t`.`user_id` = '100'  AND `a`.`type` = 2 [ RunTime:0.000000s ]
[ sql ] [ SQL ] SELECT `item_name` FROM `aac_auth_assignment` WHERE  `user_id` = 100 [ RunTime:0.000000s ]
[ sql ] [ SQL ] SHOW COLUMNS FROM `aac_auth_item_child` [ RunTime:0.003000s ]
[ sql ] [ SQL ] SELECT * FROM `aac_auth_item_child` [ RunTime:0.000000s ]
[ sql ] [ SQL ] SHOW COLUMNS FROM `aac_auth_item` [ RunTime:0.002000s ]
[ sql ] [ SQL ] SELECT * FROM `aac_auth_item` WHERE  `type` = 2  AND `name` IN ('业务员部门','后台开放权限','/ajax/*','开放权限','/back/index/home','/back/index/index','/back/login/*','经理部门') [ RunTime:0.000000s ]
[ sql ] [ SQL ] SELECT `id` FROM `aac_menu` WHERE  `type` = 1  AND `route` LIKE '/ajax/%' ORDER BY id asc [ RunTime:0.001000s ]
[ sql ] [ SQL ] SELECT `id` FROM `aac_menu` WHERE  `type` = 1  AND `route` LIKE '/back/%' ORDER BY id asc [ RunTime:0.001000s ]
[ sql ] [ SQL ] SELECT `id` FROM `aac_menu` WHERE  `type` = 1 ORDER BY id asc [ RunTime:0.000000s ]
[ log ] /back/index/nav允许访问：/back/index/nav_AJAX
---------------------------------------------------------------
[ 2017-08-17T00:02:49+08:00 ] 127.0.0.1 127.0.0.1 GET /back/index/home.html?iframe=true
[ info ] www.atalivecar.com/back/index/home.html?iframe=true [运行时间：0.208012s][吞吐率：4.81req/s] [内存消耗：762.44kb] [文件加载：81]
[ info ] [ LANG ] F:\aliveDinner\upupw\www\atAliveCar\thinkphp\lang\zh-cn.php
[ info ] [ ROUTE ] array (
  'type' => 'module',
  'module' => 
  array (
    0 => 'back',
    1 => 'index',
    2 => 'home',
  ),
)
[ info ] [ HEADER ] array (
  'host' => 'www.atalivecar.com',
  'connection' => 'keep-alive',
  'pragma' => 'no-cache',
  'cache-control' => 'no-cache',
  'upgrade-insecure-requests' => '1',
  'user-agent' => 'Mozilla/5.0 (Windows NT 6.1; Win64; x64) AppleWebKit/537.36 (KHTML, like Gecko) Chrome/58.0.3029.110 Safari/537.36',
  'accept' => 'text/html,application/xhtml+xml,application/xml;q=0.9,image/webp,*/*;q=0.8',
  'referer' => 'http://www.atalivecar.com/back/index/index',
  'accept-encoding' => 'gzip, deflate, sdch',
  'accept-language' => 'zh-CN,zh;q=0.8',
  'cookie' => 'PHPSESSID=m7m1b39iblhd5n2stci3fnn3n0',
)
[ info ] [ PARAM ] array (
  'iframe' => 'true',
)
[ info ] [ DB ] INIT mysql
[ info ] [ SESSION ] INIT array (
  'id' => '',
  'var_session_id' => '',
  'prefix' => 'think',
  'type' => '',
  'auto_start' => true,
)
[ info ] [ DB ] INIT mysql
[ info ] [ RUN ] app\back\controller\IndexController->homeAction[ F:\aliveDinner\upupw\www\atAliveCar\application\back\controller\IndexController.php ]
[ info ] [ VIEW ] F:\aliveDinner\upupw\www\atAliveCar\public/../application/back\view\index\home.html [ array (
  0 => 'URL',
  1 => 'meta_title',
) ]
[ info ] [ LOG ] INIT File
[ sql ] [ DB ] CONNECT:[ UseTime:0.000000s ] mysql:dbname=atalivecar;host=127.0.0.1;port=3306;charset=utf8
[ sql ] [ SQL ] SHOW COLUMNS FROM `aac_config` [ RunTime:0.010001s ]
[ sql ] [ SQL ] SELECT `value` FROM `aac_config` WHERE  `name` = 'APP_DEBUG' LIMIT 1 [ RunTime:0.001000s ]
[ sql ] [ SQL ] SHOW COLUMNS FROM `aac_back_user_log` [ RunTime:0.002000s ]
[ sql ] [ SQL ] INSERT INTO `aac_back_user_log` (`route` , `url` , `user_agent` , `gets` , `posts` , `back_user_id` , `ip` , `target` , `created_at` , `updated_at`) VALUES ('/back/index/home.html?iframe=true' , '/back/index/home.html?iframe=true' , 'Mozilla/5.0 (Windows NT 6.1; Win64; x64) AppleWebKit/537.36 (KHTML, like Gecko) Chrome/58.0.3029.110 Safari/537.36' , '{\"iframe\":\"true\"}' , '[]' , 100 , '127.0.0.1' , '允许访问：/back/index/home' , '2017-08-17 00:02:49' , '2017-08-17 00:02:49') [ RunTime:0.054003s ]
[ log ] /back/index/home.html?iframe=true允许访问：/back/index/home
---------------------------------------------------------------
[ 2017-08-17T00:02:51+08:00 ] 127.0.0.1 127.0.0.1 GET /back/data/index.html
[ info ] www.atalivecar.com/back/data/index.html [运行时间：0.192011s][吞吐率：5.21req/s] [内存消耗：735.90kb] [文件加载：79]
[ info ] [ LANG ] F:\aliveDinner\upupw\www\atAliveCar\thinkphp\lang\zh-cn.php
[ info ] [ ROUTE ] array (
  'type' => 'module',
  'module' => 
  array (
    0 => 'back',
    1 => 'data',
    2 => 'index',
  ),
)
[ info ] [ HEADER ] array (
  'host' => 'www.atalivecar.com',
  'connection' => 'keep-alive',
  'upgrade-insecure-requests' => '1',
  'user-agent' => 'Mozilla/5.0 (Windows NT 6.1; Win64; x64) AppleWebKit/537.36 (KHTML, like Gecko) Chrome/58.0.3029.110 Safari/537.36',
  'accept' => 'text/html,application/xhtml+xml,application/xml;q=0.9,image/webp,*/*;q=0.8',
  'referer' => 'http://www.atalivecar.com/back/index/index',
  'accept-encoding' => 'gzip, deflate, sdch',
  'accept-language' => 'zh-CN,zh;q=0.8',
  'cookie' => 'PHPSESSID=m7m1b39iblhd5n2stci3fnn3n0',
)
[ info ] [ PARAM ] array (
)
[ info ] [ DB ] INIT mysql
[ info ] [ SESSION ] INIT array (
  'id' => '',
  'var_session_id' => '',
  'prefix' => 'think',
  'type' => '',
  'auto_start' => true,
)
[ info ] [ DB ] INIT mysql
[ info ] [ RUN ] app\back\controller\DataController->indexAction[ F:\aliveDinner\upupw\www\atAliveCar\application\back\controller\DataController.php ]
[ info ] [ LOG ] INIT File
[ sql ] [ DB ] CONNECT:[ UseTime:0.001000s ] mysql:dbname=atalivecar;host=127.0.0.1;port=3306;charset=utf8
[ sql ] [ SQL ] SHOW COLUMNS FROM `aac_config` [ RunTime:0.002000s ]
[ sql ] [ SQL ] SELECT `value` FROM `aac_config` WHERE  `name` = 'APP_DEBUG' LIMIT 1 [ RunTime:0.000000s ]
[ sql ] [ SQL ] SHOW COLUMNS FROM `aac_back_user_log` [ RunTime:0.003000s ]
[ sql ] [ SQL ] INSERT INTO `aac_back_user_log` (`route` , `url` , `user_agent` , `gets` , `posts` , `back_user_id` , `ip` , `target` , `created_at` , `updated_at`) VALUES ('/back/data/index.html' , '/back/data/index.html' , 'Mozilla/5.0 (Windows NT 6.1; Win64; x64) AppleWebKit/537.36 (KHTML, like Gecko) Chrome/58.0.3029.110 Safari/537.36' , '[]' , '[]' , 100 , '127.0.0.1' , '允许访问：/back/data/index' , '2017-08-17 00:02:51' , '2017-08-17 00:02:51') [ RunTime:0.030002s ]
[ log ] /back/data/index.html允许访问：/back/data/index
---------------------------------------------------------------
[ 2017-08-17T00:02:52+08:00 ] 127.0.0.1 127.0.0.1 GET /back/index/home.html
[ info ] www.atalivecar.com/back/index/home.html [运行时间：0.195011s][吞吐率：5.13req/s] [内存消耗：761.73kb] [文件加载：81]
[ info ] [ LANG ] F:\aliveDinner\upupw\www\atAliveCar\thinkphp\lang\zh-cn.php
[ info ] [ ROUTE ] array (
  'type' => 'module',
  'module' => 
  array (
    0 => 'back',
    1 => 'index',
    2 => 'home',
  ),
)
[ info ] [ HEADER ] array (
  'host' => 'www.atalivecar.com',
  'connection' => 'keep-alive',
  'upgrade-insecure-requests' => '1',
  'user-agent' => 'Mozilla/5.0 (Windows NT 6.1; Win64; x64) AppleWebKit/537.36 (KHTML, like Gecko) Chrome/58.0.3029.110 Safari/537.36',
  'accept' => 'text/html,application/xhtml+xml,application/xml;q=0.9,image/webp,*/*;q=0.8',
  'referer' => 'http://www.atalivecar.com/back/index/index',
  'accept-encoding' => 'gzip, deflate, sdch',
  'accept-language' => 'zh-CN,zh;q=0.8',
  'cookie' => 'PHPSESSID=m7m1b39iblhd5n2stci3fnn3n0',
)
[ info ] [ PARAM ] array (
)
[ info ] [ DB ] INIT mysql
[ info ] [ SESSION ] INIT array (
  'id' => '',
  'var_session_id' => '',
  'prefix' => 'think',
  'type' => '',
  'auto_start' => true,
)
[ info ] [ DB ] INIT mysql
[ info ] [ RUN ] app\back\controller\IndexController->homeAction[ F:\aliveDinner\upupw\www\atAliveCar\application\back\controller\IndexController.php ]
[ info ] [ VIEW ] F:\aliveDinner\upupw\www\atAliveCar\public/../application/back\view\index\home.html [ array (
  0 => 'URL',
  1 => 'meta_title',
) ]
[ info ] [ LOG ] INIT File
[ sql ] [ DB ] CONNECT:[ UseTime:0.010000s ] mysql:dbname=atalivecar;host=127.0.0.1;port=3306;charset=utf8
[ sql ] [ SQL ] SHOW COLUMNS FROM `aac_config` [ RunTime:0.003001s ]
[ sql ] [ SQL ] SELECT `value` FROM `aac_config` WHERE  `name` = 'APP_DEBUG' LIMIT 1 [ RunTime:0.001000s ]
[ sql ] [ SQL ] SHOW COLUMNS FROM `aac_back_user_log` [ RunTime:0.003001s ]
[ sql ] [ SQL ] INSERT INTO `aac_back_user_log` (`route` , `url` , `user_agent` , `gets` , `posts` , `back_user_id` , `ip` , `target` , `created_at` , `updated_at`) VALUES ('/back/index/home.html' , '/back/index/home.html' , 'Mozilla/5.0 (Windows NT 6.1; Win64; x64) AppleWebKit/537.36 (KHTML, like Gecko) Chrome/58.0.3029.110 Safari/537.36' , '[]' , '[]' , 100 , '127.0.0.1' , '允许访问：/back/index/home' , '2017-08-17 00:02:52' , '2017-08-17 00:02:52') [ RunTime:0.039002s ]
[ log ] /back/index/home.html允许访问：/back/index/home
---------------------------------------------------------------
[ 2017-08-17T00:02:54+08:00 ] 127.0.0.1 127.0.0.1 GET /back/house/index.html
[ info ] www.atalivecar.com/back/house/index.html [运行时间：0.337020s][吞吐率：2.97req/s] [内存消耗：1,132.62kb] [文件加载：101]
[ info ] [ LANG ] F:\aliveDinner\upupw\www\atAliveCar\thinkphp\lang\zh-cn.php
[ info ] [ ROUTE ] array (
  'type' => 'module',
  'module' => 
  array (
    0 => 'back',
    1 => 'house',
    2 => 'index',
  ),
)
[ info ] [ HEADER ] array (
  'host' => 'www.atalivecar.com',
  'connection' => 'keep-alive',
  'upgrade-insecure-requests' => '1',
  'user-agent' => 'Mozilla/5.0 (Windows NT 6.1; Win64; x64) AppleWebKit/537.36 (KHTML, like Gecko) Chrome/58.0.3029.110 Safari/537.36',
  'accept' => 'text/html,application/xhtml+xml,application/xml;q=0.9,image/webp,*/*;q=0.8',
  'referer' => 'http://www.atalivecar.com/back/index/index',
  'accept-encoding' => 'gzip, deflate, sdch',
  'accept-language' => 'zh-CN,zh;q=0.8',
  'cookie' => 'PHPSESSID=m7m1b39iblhd5n2stci3fnn3n0',
)
[ info ] [ PARAM ] array (
)
[ info ] [ DB ] INIT mysql
[ info ] [ SESSION ] INIT array (
  'id' => '',
  'var_session_id' => '',
  'prefix' => 'think',
  'type' => '',
  'auto_start' => true,
)
[ info ] [ DB ] INIT mysql
[ info ] [ RUN ] app\back\controller\HouseController->indexAction[ F:\aliveDinner\upupw\www\atAliveCar\application\back\controller\HouseController.php ]
[ info ] [ VIEW ] F:\aliveDinner\upupw\www\atAliveCar\public/../application/back\view\house\index.html [ array (
  0 => 'URL',
  1 => 'lang',
  2 => 'cityLists',
  3 => 'list',
) ]
[ info ] [ LOG ] INIT File
[ sql ] [ DB ] CONNECT:[ UseTime:0.000000s ] mysql:dbname=atalivecar;host=127.0.0.1;port=3306;charset=utf8
[ sql ] [ SQL ] SHOW COLUMNS FROM `aac_config` [ RunTime:0.006001s ]
[ sql ] [ SQL ] SELECT `value` FROM `aac_config` WHERE  `name` = 'APP_DEBUG' LIMIT 1 [ RunTime:0.000000s ]
[ sql ] [ SQL ] SHOW COLUMNS FROM `aac_back_user_log` [ RunTime:0.003000s ]
[ sql ] [ SQL ] INSERT INTO `aac_back_user_log` (`route` , `url` , `user_agent` , `gets` , `posts` , `back_user_id` , `ip` , `target` , `created_at` , `updated_at`) VALUES ('/back/house/index.html' , '/back/house/index.html' , 'Mozilla/5.0 (Windows NT 6.1; Win64; x64) AppleWebKit/537.36 (KHTML, like Gecko) Chrome/58.0.3029.110 Safari/537.36' , '[]' , '[]' , 100 , '127.0.0.1' , '允许访问：/back/house/index' , '2017-08-17 00:02:53' , '2017-08-17 00:02:53') [ RunTime:0.025001s ]
[ sql ] [ SQL ] SHOW COLUMNS FROM `aac_city` [ RunTime:0.003000s ]
[ sql ] [ SQL ] SELECT * FROM `aac_city` WHERE  `level` = 2 [ RunTime:0.001000s ]
[ sql ] [ SQL ] SHOW COLUMNS FROM `aac_house` [ RunTime:0.003000s ]
[ sql ] [ SQL ] SELECT COUNT(*) AS tp_count FROM `aac_house` WHERE  `is_delete` = 1 LIMIT 1 [ RunTime:0.000000s ]
[ sql ] [ SQL ] SELECT * FROM `aac_house` WHERE  `is_delete` = 1 ORDER BY id DESC LIMIT 0,12 [ RunTime:0.001000s ]
[ sql ] [ SQL ] SHOW COLUMNS FROM `aac_building_base` [ RunTime:0.002000s ]
[ sql ] [ SQL ] SELECT * FROM `aac_building_base` WHERE  `id` = 57 LIMIT 1 [ RunTime:0.000000s ]
[ sql ] [ SQL ] SELECT * FROM `aac_city` WHERE  `id` = 2 LIMIT 1 [ RunTime:0.002000s ]
[ sql ] [ SQL ] SELECT * FROM `aac_city` WHERE  `id` = 0 LIMIT 1 [ RunTime:0.001000s ]
[ sql ] [ SQL ] SHOW COLUMNS FROM `aac_back_user` [ RunTime:0.004000s ]
[ sql ] [ SQL ] SELECT * FROM `aac_back_user` WHERE  `id` = 4 LIMIT 1 [ RunTime:0.000000s ]
[ log ] /back/house/index.html允许访问：/back/house/index
---------------------------------------------------------------
[ 2017-08-17T00:02:54+08:00 ] 127.0.0.1 127.0.0.1 GET /back/house/create.html
[ info ] www.atalivecar.com/back/house/create.html [运行时间：0.217013s][吞吐率：4.61req/s] [内存消耗：991.91kb] [文件加载：91]
[ info ] [ LANG ] F:\aliveDinner\upupw\www\atAliveCar\thinkphp\lang\zh-cn.php
[ info ] [ ROUTE ] array (
  'type' => 'module',
  'module' => 
  array (
    0 => 'back',
    1 => 'house',
    2 => 'create',
  ),
)
[ info ] [ HEADER ] array (
  'host' => 'www.atalivecar.com',
  'connection' => 'keep-alive',
  'upgrade-insecure-requests' => '1',
  'user-agent' => 'Mozilla/5.0 (Windows NT 6.1; Win64; x64) AppleWebKit/537.36 (KHTML, like Gecko) Chrome/58.0.3029.110 Safari/537.36',
  'accept' => 'text/html,application/xhtml+xml,application/xml;q=0.9,image/webp,*/*;q=0.8',
  'referer' => 'http://www.atalivecar.com/back/index/index',
  'accept-encoding' => 'gzip, deflate, sdch',
  'accept-language' => 'zh-CN,zh;q=0.8',
  'cookie' => 'PHPSESSID=m7m1b39iblhd5n2stci3fnn3n0',
)
[ info ] [ PARAM ] array (
)
[ info ] [ DB ] INIT mysql
[ info ] [ SESSION ] INIT array (
  'id' => '',
  'var_session_id' => '',
  'prefix' => 'think',
  'type' => '',
  'auto_start' => true,
)
[ info ] [ DB ] INIT mysql
[ info ] [ RUN ] app\back\controller\HouseController->createAction[ F:\aliveDinner\upupw\www\atAliveCar\application\back\controller\HouseController.php ]
[ info ] [ VIEW ] F:\aliveDinner\upupw\www\atAliveCar\public/../application/back\view\house\create.html [ array (
  0 => 'URL',
  1 => 'meta_title',
  2 => 'model',
  3 => 'lang',
  4 => 'cityLists',
) ]
[ info ] [ LOG ] INIT File
[ sql ] [ DB ] CONNECT:[ UseTime:0.000000s ] mysql:dbname=atalivecar;host=127.0.0.1;port=3306;charset=utf8
[ sql ] [ SQL ] SHOW COLUMNS FROM `aac_config` [ RunTime:0.003001s ]
[ sql ] [ SQL ] SELECT `value` FROM `aac_config` WHERE  `name` = 'APP_DEBUG' LIMIT 1 [ RunTime:0.001000s ]
[ sql ] [ SQL ] SHOW COLUMNS FROM `aac_back_user_log` [ RunTime:0.003000s ]
[ sql ] [ SQL ] INSERT INTO `aac_back_user_log` (`route` , `url` , `user_agent` , `gets` , `posts` , `back_user_id` , `ip` , `target` , `created_at` , `updated_at`) VALUES ('/back/house/create.html' , '/back/house/create.html' , 'Mozilla/5.0 (Windows NT 6.1; Win64; x64) AppleWebKit/537.36 (KHTML, like Gecko) Chrome/58.0.3029.110 Safari/537.36' , '[]' , '[]' , 100 , '127.0.0.1' , '允许访问：/back/house/create' , '2017-08-17 00:02:54' , '2017-08-17 00:02:54') [ RunTime:0.035002s ]
[ sql ] [ SQL ] SHOW COLUMNS FROM `aac_city` [ RunTime:0.008001s ]
[ sql ] [ SQL ] SELECT * FROM `aac_city` WHERE  `level` = 2 [ RunTime:0.000000s ]
[ log ] /back/house/create.html允许访问：/back/house/create
---------------------------------------------------------------
[ 2017-08-17T00:02:55+08:00 ] 127.0.0.1 127.0.0.1 GET /back/hand_house/create.html
[ info ] www.atalivecar.com/back/hand_house/create.html [运行时间：0.221012s][吞吐率：4.52req/s] [内存消耗：994.02kb] [文件加载：91]
[ info ] [ LANG ] F:\aliveDinner\upupw\www\atAliveCar\thinkphp\lang\zh-cn.php
[ info ] [ ROUTE ] array (
  'type' => 'module',
  'module' => 
  array (
    0 => 'back',
    1 => 'hand_house',
    2 => 'create',
  ),
)
[ info ] [ HEADER ] array (
  'host' => 'www.atalivecar.com',
  'connection' => 'keep-alive',
  'upgrade-insecure-requests' => '1',
  'user-agent' => 'Mozilla/5.0 (Windows NT 6.1; Win64; x64) AppleWebKit/537.36 (KHTML, like Gecko) Chrome/58.0.3029.110 Safari/537.36',
  'accept' => 'text/html,application/xhtml+xml,application/xml;q=0.9,image/webp,*/*;q=0.8',
  'referer' => 'http://www.atalivecar.com/back/index/index',
  'accept-encoding' => 'gzip, deflate, sdch',
  'accept-language' => 'zh-CN,zh;q=0.8',
  'cookie' => 'PHPSESSID=m7m1b39iblhd5n2stci3fnn3n0',
)
[ info ] [ PARAM ] array (
)
[ info ] [ DB ] INIT mysql
[ info ] [ SESSION ] INIT array (
  'id' => '',
  'var_session_id' => '',
  'prefix' => 'think',
  'type' => '',
  'auto_start' => true,
)
[ info ] [ DB ] INIT mysql
[ info ] [ RUN ] app\back\controller\HandHouseController->createAction[ F:\aliveDinner\upupw\www\atAliveCar\application\back\controller\HandHouseController.php ]
[ info ] [ VIEW ] F:\aliveDinner\upupw\www\atAliveCar\public/../application/back\view\hand_house\create.html [ array (
  0 => 'URL',
  1 => 'meta_title',
  2 => 'model',
  3 => 'lang',
  4 => 'cityLists',
) ]
[ info ] [ LOG ] INIT File
[ sql ] [ DB ] CONNECT:[ UseTime:0.001000s ] mysql:dbname=atalivecar;host=127.0.0.1;port=3306;charset=utf8
[ sql ] [ SQL ] SHOW COLUMNS FROM `aac_config` [ RunTime:0.004000s ]
[ sql ] [ SQL ] SELECT `value` FROM `aac_config` WHERE  `name` = 'APP_DEBUG' LIMIT 1 [ RunTime:0.000000s ]
[ sql ] [ SQL ] SHOW COLUMNS FROM `aac_back_user_log` [ RunTime:0.003000s ]
[ sql ] [ SQL ] INSERT INTO `aac_back_user_log` (`route` , `url` , `user_agent` , `gets` , `posts` , `back_user_id` , `ip` , `target` , `created_at` , `updated_at`) VALUES ('/back/hand_house/create.html' , '/back/hand_house/create.html' , 'Mozilla/5.0 (Windows NT 6.1; Win64; x64) AppleWebKit/537.36 (KHTML, like Gecko) Chrome/58.0.3029.110 Safari/537.36' , '[]' , '[]' , 100 , '127.0.0.1' , '允许访问：/back/handhouse/create' , '2017-08-17 00:02:55' , '2017-08-17 00:02:55') [ RunTime:0.039002s ]
[ sql ] [ SQL ] SHOW COLUMNS FROM `aac_city` [ RunTime:0.006000s ]
[ sql ] [ SQL ] SELECT * FROM `aac_city` WHERE  `level` = 2 [ RunTime:0.000000s ]
[ log ] /back/hand_house/create.html允许访问：/back/handhouse/create
---------------------------------------------------------------
[ 2017-08-17T00:09:17+08:00 ] 127.0.0.1 127.0.0.1 GET /back/index/index
[ info ] www.atalivecar.com/back/index/index [运行时间：0.197011s][吞吐率：5.08req/s] [内存消耗：738.24kb] [文件加载：81]
[ info ] [ LANG ] F:\aliveDinner\upupw\www\atAliveCar\thinkphp\lang\zh-cn.php
[ info ] [ ROUTE ] array (
  'type' => 'module',
  'module' => 
  array (
    0 => 'back',
    1 => 'index',
    2 => 'index',
  ),
)
[ info ] [ HEADER ] array (
  'host' => 'www.atalivecar.com',
  'connection' => 'keep-alive',
  'pragma' => 'no-cache',
  'cache-control' => 'no-cache',
  'upgrade-insecure-requests' => '1',
  'user-agent' => 'Mozilla/5.0 (Windows NT 6.1; Win64; x64) AppleWebKit/537.36 (KHTML, like Gecko) Chrome/58.0.3029.110 Safari/537.36',
  'accept' => 'text/html,application/xhtml+xml,application/xml;q=0.9,image/webp,*/*;q=0.8',
  'referer' => 'http://www.atalivecar.com/back/login/login',
  'accept-encoding' => 'gzip, deflate, sdch',
  'accept-language' => 'zh-CN,zh;q=0.8',
  'cookie' => 'PHPSESSID=m7m1b39iblhd5n2stci3fnn3n0',
)
[ info ] [ PARAM ] array (
)
[ info ] [ DB ] INIT mysql
[ info ] [ SESSION ] INIT array (
  'id' => '',
  'var_session_id' => '',
  'prefix' => 'think',
  'type' => '',
  'auto_start' => true,
)
[ info ] [ DB ] INIT mysql
[ info ] [ RUN ] app\back\controller\IndexController->indexAction[ F:\aliveDinner\upupw\www\atAliveCar\application\back\controller\IndexController.php ]
[ info ] [ VIEW ] F:\aliveDinner\upupw\www\atAliveCar\public/../application/back\view\index\index.html [ array (
  0 => 'URL',
  1 => 'meta_title',
) ]
[ info ] [ LOG ] INIT File
[ sql ] [ DB ] CONNECT:[ UseTime:0.003000s ] mysql:dbname=atalivecar;host=127.0.0.1;port=3306;charset=utf8
[ sql ] [ SQL ] SHOW COLUMNS FROM `aac_config` [ RunTime:0.005000s ]
[ sql ] [ SQL ] SELECT `value` FROM `aac_config` WHERE  `name` = 'APP_DEBUG' LIMIT 1 [ RunTime:0.001000s ]
[ sql ] [ SQL ] SHOW COLUMNS FROM `aac_back_user_log` [ RunTime:0.003000s ]
[ sql ] [ SQL ] INSERT INTO `aac_back_user_log` (`route` , `url` , `user_agent` , `gets` , `posts` , `back_user_id` , `ip` , `target` , `created_at` , `updated_at`) VALUES ('/back/index/index' , '/back/index/index' , 'Mozilla/5.0 (Windows NT 6.1; Win64; x64) AppleWebKit/537.36 (KHTML, like Gecko) Chrome/58.0.3029.110 Safari/537.36' , '[]' , '[]' , 100 , '127.0.0.1' , '允许访问：/back/index/index' , '2017-08-17 00:09:17' , '2017-08-17 00:09:17') [ RunTime:0.041003s ]
[ log ] /back/index/index允许访问：/back/index/index
---------------------------------------------------------------
[ 2017-08-17T00:09:17+08:00 ] 127.0.0.1 127.0.0.1 GET /back/index/home.html?iframe=true
[ info ] www.atalivecar.com/back/index/home.html?iframe=true [运行时间：0.167010s][吞吐率：5.99req/s] [内存消耗：762.45kb] [文件加载：81]
[ info ] [ LANG ] F:\aliveDinner\upupw\www\atAliveCar\thinkphp\lang\zh-cn.php
[ info ] [ ROUTE ] array (
  'type' => 'module',
  'module' => 
  array (
    0 => 'back',
    1 => 'index',
    2 => 'home',
  ),
)
[ info ] [ HEADER ] array (
  'host' => 'www.atalivecar.com',
  'connection' => 'keep-alive',
  'pragma' => 'no-cache',
  'cache-control' => 'no-cache',
  'upgrade-insecure-requests' => '1',
  'user-agent' => 'Mozilla/5.0 (Windows NT 6.1; Win64; x64) AppleWebKit/537.36 (KHTML, like Gecko) Chrome/58.0.3029.110 Safari/537.36',
  'accept' => 'text/html,application/xhtml+xml,application/xml;q=0.9,image/webp,*/*;q=0.8',
  'referer' => 'http://www.atalivecar.com/back/index/index',
  'accept-encoding' => 'gzip, deflate, sdch',
  'accept-language' => 'zh-CN,zh;q=0.8',
  'cookie' => 'PHPSESSID=m7m1b39iblhd5n2stci3fnn3n0',
)
[ info ] [ PARAM ] array (
  'iframe' => 'true',
)
[ info ] [ DB ] INIT mysql
[ info ] [ SESSION ] INIT array (
  'id' => '',
  'var_session_id' => '',
  'prefix' => 'think',
  'type' => '',
  'auto_start' => true,
)
[ info ] [ DB ] INIT mysql
[ info ] [ RUN ] app\back\controller\IndexController->homeAction[ F:\aliveDinner\upupw\www\atAliveCar\application\back\controller\IndexController.php ]
[ info ] [ VIEW ] F:\aliveDinner\upupw\www\atAliveCar\public/../application/back\view\index\home.html [ array (
  0 => 'URL',
  1 => 'meta_title',
) ]
[ info ] [ LOG ] INIT File
[ sql ] [ DB ] CONNECT:[ UseTime:0.001000s ] mysql:dbname=atalivecar;host=127.0.0.1;port=3306;charset=utf8
[ sql ] [ SQL ] SHOW COLUMNS FROM `aac_config` [ RunTime:0.002000s ]
[ sql ] [ SQL ] SELECT `value` FROM `aac_config` WHERE  `name` = 'APP_DEBUG' LIMIT 1 [ RunTime:0.000000s ]
[ sql ] [ SQL ] SHOW COLUMNS FROM `aac_back_user_log` [ RunTime:0.003000s ]
[ sql ] [ SQL ] INSERT INTO `aac_back_user_log` (`route` , `url` , `user_agent` , `gets` , `posts` , `back_user_id` , `ip` , `target` , `created_at` , `updated_at`) VALUES ('/back/index/home.html?iframe=true' , '/back/index/home.html?iframe=true' , 'Mozilla/5.0 (Windows NT 6.1; Win64; x64) AppleWebKit/537.36 (KHTML, like Gecko) Chrome/58.0.3029.110 Safari/537.36' , '{\"iframe\":\"true\"}' , '[]' , 100 , '127.0.0.1' , '允许访问：/back/index/home' , '2017-08-17 00:09:17' , '2017-08-17 00:09:17') [ RunTime:0.027002s ]
[ log ] /back/index/home.html?iframe=true允许访问：/back/index/home
