---------------------------------------------------------------
[ 2017-08-24T01:04:19+08:00 ] 127.0.0.1 127.0.0.1 GET /
[ info ] m.atalivecar.com/ [运行时间：0.129008s][吞吐率：7.75req/s] [内存消耗：609.18kb] [文件加载：70]
[ info ] [ LANG ] F:\aliveDinner\upupw\www\atAliveCar\thinkphp\lang\zh-cn.php
[ info ] [ ROUTE ] array (
  'type' => 'module',
  'module' => 
  array (
    0 => '',
    1 => NULL,
    2 => NULL,
  ),
)
[ info ] [ HEADER ] array (
  'accept-language' => 'zh-CN,zh;q=0.8',
  'accept-encoding' => 'gzip, deflate, sdch',
  'accept' => 'text/html,application/xhtml+xml,application/xml;q=0.9,image/webp,*/*;q=0.8',
  'user-agent' => 'Mozilla/5.0 (Windows NT 6.1; Win64; x64) AppleWebKit/537.36 (KHTML, like Gecko) Chrome/58.0.3029.110 Safari/537.36',
  'upgrade-insecure-requests' => '1',
  'connection' => 'keep-alive',
  'host' => 'm.atalivecar.com',
  'content-length' => '',
  'content-type' => '',
)
[ info ] [ PARAM ] array (
)
[ info ] [ DB ] INIT mysql
[ info ] [ SESSION ] INIT array (
  'id' => '',
  'var_session_id' => '',
  'prefix' => 'think',
  'type' => '',
  'auto_start' => true,
)
[ info ] [ LOG ] INIT File
[ sql ] [ DB ] CONNECT:[ UseTime:0.001000s ] mysql:dbname=atalivecar;host=127.0.0.1;port=3306;charset=utf8
[ sql ] [ SQL ] SHOW COLUMNS FROM `aac_config` [ RunTime:0.063004s ]
[ sql ] [ SQL ] SELECT `value` FROM `aac_config` WHERE  `name` = 'APP_DEBUG' LIMIT 1 [ RunTime:0.001000s ]
---------------------------------------------------------------
[ 2017-08-24T01:04:19+08:00 ] 127.0.0.1 127.0.0.1 GET /back/login/login
[ info ] m.atalivecar.com/back/login/login [运行时间：0.020001s][吞吐率：50.00req/s] [内存消耗：468.97kb] [文件加载：72]
[ info ] [ LANG ] F:\aliveDinner\upupw\www\atAliveCar\thinkphp\lang\zh-cn.php
[ info ] [ ROUTE ] array (
  'type' => 'module',
  'module' => 
  array (
    0 => 'back',
    1 => 'login',
    2 => 'login',
  ),
)
[ info ] [ HEADER ] array (
  'cookie' => 'PHPSESSID=8i49g5rm9u02gs3g88v2fmn5l2',
  'accept-language' => 'zh-CN,zh;q=0.8',
  'accept-encoding' => 'gzip, deflate, sdch',
  'accept' => 'text/html,application/xhtml+xml,application/xml;q=0.9,image/webp,*/*;q=0.8',
  'user-agent' => 'Mozilla/5.0 (Windows NT 6.1; Win64; x64) AppleWebKit/537.36 (KHTML, like Gecko) Chrome/58.0.3029.110 Safari/537.36',
  'upgrade-insecure-requests' => '1',
  'connection' => 'keep-alive',
  'host' => 'm.atalivecar.com',
  'content-length' => '',
  'content-type' => '',
)
[ info ] [ PARAM ] array (
)
[ info ] [ DB ] INIT mysql
[ info ] [ RUN ] app\back\controller\LoginController->loginAction[ F:\aliveDinner\upupw\www\atAliveCar\application\back\controller\LoginController.php ]
[ info ] [ SESSION ] INIT array (
  'id' => '',
  'var_session_id' => '',
  'prefix' => 'think',
  'type' => '',
  'auto_start' => true,
)
[ info ] [ VIEW ] F:\aliveDinner\upupw\www\atAliveCar\public/../application/back\view\login\login.html [ array (
  0 => 'URL',
  1 => 'meta_title',
) ]
[ info ] [ LOG ] INIT File
[ sql ] [ DB ] CONNECT:[ UseTime:0.001000s ] mysql:dbname=atalivecar;host=127.0.0.1;port=3306;charset=utf8
[ sql ] [ SQL ] SHOW COLUMNS FROM `aac_config` [ RunTime:0.002000s ]
[ sql ] [ SQL ] SELECT `value` FROM `aac_config` WHERE  `name` = 'APP_DEBUG' LIMIT 1 [ RunTime:0.001000s ]
---------------------------------------------------------------
[ 2017-08-24T01:04:26+08:00 ] 127.0.0.1 127.0.0.1 POST /back/login/login
[ info ] m.atalivecar.com/back/login/login [运行时间：1.596091s][吞吐率：0.63req/s] [内存消耗：429.10kb] [文件加载：73]
[ info ] [ LANG ] F:\aliveDinner\upupw\www\atAliveCar\thinkphp\lang\zh-cn.php
[ info ] [ ROUTE ] array (
  'type' => 'module',
  'module' => 
  array (
    0 => 'back',
    1 => 'login',
    2 => 'login',
  ),
)
[ info ] [ HEADER ] array (
  'cookie' => 'PHPSESSID=8i49g5rm9u02gs3g88v2fmn5l2',
  'accept-language' => 'zh-CN,zh;q=0.8',
  'accept-encoding' => 'gzip, deflate',
  'referer' => 'http://m.atalivecar.com/back/login/login',
  'content-type' => 'application/x-www-form-urlencoded; charset=UTF-8',
  'user-agent' => 'Mozilla/5.0 (Windows NT 6.1; Win64; x64) AppleWebKit/537.36 (KHTML, like Gecko) Chrome/58.0.3029.110 Safari/537.36',
  'x-requested-with' => 'XMLHttpRequest',
  'origin' => 'http://m.atalivecar.com',
  'accept' => '*/*',
  'content-length' => '72',
  'connection' => 'keep-alive',
  'host' => 'm.atalivecar.com',
)
[ info ] [ PARAM ] array (
  '__token__' => '0797d9c3b44db5ee8f056f35e33eb888',
  'username' => 'hfzy',
  'password' => '123456',
)
[ info ] [ DB ] INIT mysql
[ info ] [ RUN ] app\back\controller\LoginController->loginAction[ F:\aliveDinner\upupw\www\atAliveCar\application\back\controller\LoginController.php ]
[ info ] [ SESSION ] INIT array (
  'id' => '',
  'var_session_id' => '',
  'prefix' => 'think',
  'type' => '',
  'auto_start' => true,
)
[ info ] [ LOG ] INIT File
[ sql ] [ DB ] CONNECT:[ UseTime:0.001000s ] mysql:dbname=atalivecar;host=127.0.0.1;port=3306;charset=utf8
[ sql ] [ SQL ] SHOW COLUMNS FROM `aac_config` [ RunTime:0.005000s ]
[ sql ] [ SQL ] SELECT `value` FROM `aac_config` WHERE  `name` = 'APP_DEBUG' LIMIT 1 [ RunTime:0.000000s ]
[ sql ] [ SQL ] SHOW COLUMNS FROM `aac_back_user` [ RunTime:0.019002s ]
[ sql ] [ SQL ] SELECT `id` FROM `aac_back_user` WHERE  `username` = 'hfzy' LIMIT 1 [ RunTime:0.000000s ]
[ sql ] [ SQL ] SELECT `id` FROM `aac_back_user` WHERE  `username` = 'hfzy' LIMIT 1 [ RunTime:0.000000s ]
[ sql ] [ SQL ] SELECT `t`.*,d.name as departmentName FROM `aac_back_user` `t` INNER JOIN `aac_department` `d` ON `t`.`department_id`=`d`.`id` WHERE  `t`.`is_delete` = '1'  AND `t`.`username` = 'hfzy'  AND `d`.`level` IN ('0','1','2','3') LIMIT 1 [ RunTime:0.003000s ]
[ sql ] [ SQL ] UPDATE `aac_back_user` `t`  INNER JOIN `aac_department` `d` ON `t`.`department_id`=`d`.`id` SET `t`.`password`='$2y$13$uVtTLWYGMMIUdY5mW6Jo1O6HtCoO/rH7yLe532./Wx3zSh3kuQKhO',`t`.`logined_at`='2017-08-24 01:04:25',`t`.`updated_at`='2017-08-24 01:04:25',`t`.`ip`='{\"last\":[\"127.0.0.1\",\"2017-08-22 19:51:49\"],\"current\":[\"127.0.0.1\",\"2017-08-24 01:04:25\"],\"often\":[\"127.0.0.1\"],\"haply\":[\"127.0.0.1\"],\"once\":{\"127.0.0.1\":[1,\"2017-08-24 01:04:25\"]}}',`t`.`status`='1'  WHERE  `t`.`username` = 'hfzy'  AND `d`.`level` IN ('0','1','2','3') [ RunTime:0.031002s ]
[ sql ] [ SQL ] SHOW COLUMNS FROM `aac_user_login_log` [ RunTime:0.020001s ]
[ sql ] [ SQL ] INSERT INTO `aac_user_login_log` (`route` , `url` , `user_agent` , `gets` , `posts` , `user_id` , `app` , `ip` , `target` , `created_at` , `updated_at`) VALUES ('back/login/login' , '/back/login/login' , 'Mozilla/5.0 (Windows NT 6.1; Win64; x64) AppleWebKit/537.36 (KHTML, like Gecko) Chrome/58.0.3029.110 Safari/537.36' , '[]' , '{\"__token__\":\"0797d9c3b44db5ee8f056f35e33eb888\",\"username\":\"hfzy\"}' , 100 , NULL , '1' , '127.0.0.1' , '2017-08-24 01:04:26' , '2017-08-24 01:04:26') [ RunTime:0.031002s ]
---------------------------------------------------------------
[ 2017-08-24T01:04:26+08:00 ] 127.0.0.1 127.0.0.1 GET /back/index/index
[ info ] m.atalivecar.com/back/index/index [运行时间：0.064003s][吞吐率：15.62req/s] [内存消耗：560.46kb] [文件加载：85]
[ info ] [ LANG ] F:\aliveDinner\upupw\www\atAliveCar\thinkphp\lang\zh-cn.php
[ info ] [ ROUTE ] array (
  'type' => 'module',
  'module' => 
  array (
    0 => 'back',
    1 => 'index',
    2 => 'index',
  ),
)
[ info ] [ HEADER ] array (
  'cookie' => 'PHPSESSID=8i49g5rm9u02gs3g88v2fmn5l2',
  'accept-language' => 'zh-CN,zh;q=0.8',
  'accept-encoding' => 'gzip, deflate, sdch',
  'referer' => 'http://m.atalivecar.com/back/login/login',
  'accept' => 'text/html,application/xhtml+xml,application/xml;q=0.9,image/webp,*/*;q=0.8',
  'user-agent' => 'Mozilla/5.0 (Windows NT 6.1; Win64; x64) AppleWebKit/537.36 (KHTML, like Gecko) Chrome/58.0.3029.110 Safari/537.36',
  'upgrade-insecure-requests' => '1',
  'connection' => 'keep-alive',
  'host' => 'm.atalivecar.com',
  'content-length' => '',
  'content-type' => '',
)
[ info ] [ PARAM ] array (
)
[ info ] [ DB ] INIT mysql
[ info ] [ SESSION ] INIT array (
  'id' => '',
  'var_session_id' => '',
  'prefix' => 'think',
  'type' => '',
  'auto_start' => true,
)
[ info ] [ DB ] INIT mysql
[ info ] [ RUN ] app\back\controller\IndexController->indexAction[ F:\aliveDinner\upupw\www\atAliveCar\application\back\controller\IndexController.php ]
[ info ] [ VIEW ] F:\aliveDinner\upupw\www\atAliveCar\public/../application/back\view\index\index.html [ array (
  0 => 'URL',
  1 => 'meta_title',
) ]
[ info ] [ LOG ] INIT File
[ sql ] [ DB ] CONNECT:[ UseTime:0.002000s ] mysql:dbname=atalivecar;host=127.0.0.1;port=3306;charset=utf8
[ sql ] [ SQL ] SHOW COLUMNS FROM `aac_config` [ RunTime:0.003000s ]
[ sql ] [ SQL ] SELECT `value` FROM `aac_config` WHERE  `name` = 'APP_DEBUG' LIMIT 1 [ RunTime:0.000000s ]
[ sql ] [ SQL ] SHOW COLUMNS FROM `aac_back_user_log` [ RunTime:0.004000s ]
[ sql ] [ SQL ] INSERT INTO `aac_back_user_log` (`route` , `url` , `user_agent` , `gets` , `posts` , `back_user_id` , `ip` , `target` , `created_at` , `updated_at`) VALUES ('/back/index/index' , '/back/index/index' , 'Mozilla/5.0 (Windows NT 6.1; Win64; x64) AppleWebKit/537.36 (KHTML, like Gecko) Chrome/58.0.3029.110 Safari/537.36' , '[]' , '[]' , 100 , '127.0.0.1' , '允许访问：/back/index/index' , '2017-08-24 01:04:26' , '2017-08-24 01:04:26') [ RunTime:0.034002s ]
[ log ] /back/index/index允许访问：/back/index/index
---------------------------------------------------------------
[ 2017-08-24T01:04:26+08:00 ] 127.0.0.1 127.0.0.1 GET /back/index/nav
[ info ] m.atalivecar.com/back/index/nav [运行时间：0.092006s][吞吐率：10.87req/s] [内存消耗：612.26kb] [文件加载：89]
[ info ] [ LANG ] F:\aliveDinner\upupw\www\atAliveCar\thinkphp\lang\zh-cn.php
[ info ] [ ROUTE ] array (
  'type' => 'module',
  'module' => 
  array (
    0 => 'back',
    1 => 'index',
    2 => 'nav',
  ),
)
[ info ] [ HEADER ] array (
  'cookie' => 'PHPSESSID=8i49g5rm9u02gs3g88v2fmn5l2',
  'accept-language' => 'zh-CN,zh;q=0.8',
  'accept-encoding' => 'gzip, deflate, sdch',
  'referer' => 'http://m.atalivecar.com/back/index/index',
  'user-agent' => 'Mozilla/5.0 (Windows NT 6.1; Win64; x64) AppleWebKit/537.36 (KHTML, like Gecko) Chrome/58.0.3029.110 Safari/537.36',
  'x-requested-with' => 'XMLHttpRequest',
  'accept' => 'application/json, text/javascript, */*; q=0.01',
  'connection' => 'keep-alive',
  'host' => 'm.atalivecar.com',
  'content-length' => '',
  'content-type' => '',
)
[ info ] [ PARAM ] array (
)
[ info ] [ DB ] INIT mysql
[ info ] [ SESSION ] INIT array (
  'id' => '',
  'var_session_id' => '',
  'prefix' => 'think',
  'type' => '',
  'auto_start' => true,
)
[ info ] [ DB ] INIT mysql
[ info ] [ RUN ] app\back\controller\IndexController->navAction[ F:\aliveDinner\upupw\www\atAliveCar\application\back\controller\IndexController.php ]
[ info ] [ CACHE ] INIT File
[ info ] [ LOG ] INIT File
[ sql ] [ DB ] CONNECT:[ UseTime:0.001000s ] mysql:dbname=atalivecar;host=127.0.0.1;port=3306;charset=utf8
[ sql ] [ SQL ] SHOW COLUMNS FROM `aac_config` [ RunTime:0.003000s ]
[ sql ] [ SQL ] SELECT `value` FROM `aac_config` WHERE  `name` = 'APP_DEBUG' LIMIT 1 [ RunTime:0.000000s ]
[ sql ] [ SQL ] SHOW COLUMNS FROM `aac_back_user_log` [ RunTime:0.002000s ]
[ sql ] [ SQL ] INSERT INTO `aac_back_user_log` (`route` , `url` , `user_agent` , `gets` , `posts` , `back_user_id` , `ip` , `target` , `created_at` , `updated_at`) VALUES ('/back/index/nav' , '/back/index/nav' , 'Mozilla/5.0 (Windows NT 6.1; Win64; x64) AppleWebKit/537.36 (KHTML, like Gecko) Chrome/58.0.3029.110 Safari/537.36' , '[]' , '[]' , 100 , '127.0.0.1' , '允许访问：/back/index/nav_AJAX' , '2017-08-24 01:04:26' , '2017-08-24 01:04:26') [ RunTime:0.033002s ]
[ sql ] [ SQL ] SHOW COLUMNS FROM `aac_menu` [ RunTime:0.019001s ]
[ sql ] [ SQL ] SELECT `id`,`name`,`parent`,`route`,`order`,`type`,`data` FROM `aac_menu` WHERE  `type` = 1 ORDER BY id asc [ RunTime:0.001000s ]
[ sql ] [ SQL ] SHOW COLUMNS FROM `aac_auth_assignment` [ RunTime:0.003001s ]
[ sql ] [ SQL ] SELECT `a`.* FROM `aac_auth_assignment` `t` INNER JOIN `aac_auth_item` `a` ON `t`.`item_name`=`a`.`name` WHERE  `t`.`user_id` = '100'  AND `a`.`type` = 2 [ RunTime:0.002000s ]
[ sql ] [ SQL ] SELECT `item_name` FROM `aac_auth_assignment` WHERE  `user_id` = 100 [ RunTime:0.000000s ]
[ sql ] [ SQL ] SHOW COLUMNS FROM `aac_auth_item_child` [ RunTime:0.003000s ]
[ sql ] [ SQL ] SELECT * FROM `aac_auth_item_child` [ RunTime:0.001000s ]
[ sql ] [ SQL ] SHOW COLUMNS FROM `aac_auth_item` [ RunTime:0.002000s ]
[ sql ] [ SQL ] SELECT * FROM `aac_auth_item` WHERE  `type` = 2  AND `name` IN ('业务员部门','后台开放权限','/ajax/*','开放权限','/back/index/home','/back/index/index','/back/login/*','经理部门') [ RunTime:0.001000s ]
[ sql ] [ SQL ] SELECT `id` FROM `aac_menu` WHERE  `type` = 1  AND `route` LIKE '/ajax/%' ORDER BY id asc [ RunTime:0.000000s ]
[ sql ] [ SQL ] SELECT `id` FROM `aac_menu` WHERE  `type` = 1  AND `route` LIKE '/back/%' ORDER BY id asc [ RunTime:0.000000s ]
[ sql ] [ SQL ] SELECT `id` FROM `aac_menu` WHERE  `type` = 1 ORDER BY id asc [ RunTime:0.001000s ]
[ log ] /back/index/nav允许访问：/back/index/nav_AJAX
---------------------------------------------------------------
[ 2017-08-24T01:04:26+08:00 ] 127.0.0.1 127.0.0.1 GET /back/index/home.html?iframe=true
[ info ] m.atalivecar.com/back/index/home.html?iframe=true [运行时间：0.052003s][吞吐率：19.23req/s] [内存消耗：643.66kb] [文件加载：85]
[ info ] [ LANG ] F:\aliveDinner\upupw\www\atAliveCar\thinkphp\lang\zh-cn.php
[ info ] [ ROUTE ] array (
  'type' => 'module',
  'module' => 
  array (
    0 => 'back',
    1 => 'index',
    2 => 'home',
  ),
)
[ info ] [ HEADER ] array (
  'cookie' => 'PHPSESSID=8i49g5rm9u02gs3g88v2fmn5l2',
  'accept-language' => 'zh-CN,zh;q=0.8',
  'accept-encoding' => 'gzip, deflate, sdch',
  'referer' => 'http://m.atalivecar.com/back/index/index',
  'accept' => 'text/html,application/xhtml+xml,application/xml;q=0.9,image/webp,*/*;q=0.8',
  'user-agent' => 'Mozilla/5.0 (Windows NT 6.1; Win64; x64) AppleWebKit/537.36 (KHTML, like Gecko) Chrome/58.0.3029.110 Safari/537.36',
  'upgrade-insecure-requests' => '1',
  'connection' => 'keep-alive',
  'host' => 'm.atalivecar.com',
  'content-length' => '',
  'content-type' => '',
)
[ info ] [ PARAM ] array (
  'iframe' => 'true',
)
[ info ] [ DB ] INIT mysql
[ info ] [ SESSION ] INIT array (
  'id' => '',
  'var_session_id' => '',
  'prefix' => 'think',
  'type' => '',
  'auto_start' => true,
)
[ info ] [ DB ] INIT mysql
[ info ] [ RUN ] app\back\controller\IndexController->homeAction[ F:\aliveDinner\upupw\www\atAliveCar\application\back\controller\IndexController.php ]
[ info ] [ VIEW ] F:\aliveDinner\upupw\www\atAliveCar\public/../application/back\view\index\home.html [ array (
  0 => 'URL',
  1 => 'meta_title',
) ]
[ info ] [ LOG ] INIT File
[ sql ] [ DB ] CONNECT:[ UseTime:0.001000s ] mysql:dbname=atalivecar;host=127.0.0.1;port=3306;charset=utf8
[ sql ] [ SQL ] SHOW COLUMNS FROM `aac_config` [ RunTime:0.002001s ]
[ sql ] [ SQL ] SELECT `value` FROM `aac_config` WHERE  `name` = 'APP_DEBUG' LIMIT 1 [ RunTime:0.000000s ]
[ sql ] [ SQL ] SHOW COLUMNS FROM `aac_back_user_log` [ RunTime:0.003000s ]
[ sql ] [ SQL ] INSERT INTO `aac_back_user_log` (`route` , `url` , `user_agent` , `gets` , `posts` , `back_user_id` , `ip` , `target` , `created_at` , `updated_at`) VALUES ('/back/index/home.html?iframe=true' , '/back/index/home.html?iframe=true' , 'Mozilla/5.0 (Windows NT 6.1; Win64; x64) AppleWebKit/537.36 (KHTML, like Gecko) Chrome/58.0.3029.110 Safari/537.36' , '{\"iframe\":\"true\"}' , '[]' , 100 , '127.0.0.1' , '允许访问：/back/index/home' , '2017-08-24 01:04:26' , '2017-08-24 01:04:26') [ RunTime:0.029002s ]
[ log ] /back/index/home.html?iframe=true允许访问：/back/index/home
---------------------------------------------------------------
[ 2017-08-24T01:04:34+08:00 ] 127.0.0.1 127.0.0.1 GET /back/index/index
[ info ] api.atalivecar.com/back/index/index [运行时间：0.014001s][吞吐率：71.42req/s] [内存消耗：407.41kb] [文件加载：70]
[ info ] [ LANG ] F:\aliveDinner\upupw\www\atAliveCar\thinkphp\lang\zh-cn.php
[ info ] [ ROUTE ] array (
  'type' => 'module',
  'module' => 
  array (
    0 => 'back',
    1 => 'index',
    2 => 'index',
  ),
)
[ info ] [ HEADER ] array (
  'accept-language' => 'zh-CN,zh;q=0.8',
  'accept-encoding' => 'gzip, deflate, sdch',
  'accept' => 'text/html,application/xhtml+xml,application/xml;q=0.9,image/webp,*/*;q=0.8',
  'user-agent' => 'Mozilla/5.0 (Windows NT 6.1; Win64; x64) AppleWebKit/537.36 (KHTML, like Gecko) Chrome/58.0.3029.110 Safari/537.36',
  'upgrade-insecure-requests' => '1',
  'connection' => 'keep-alive',
  'host' => 'api.atalivecar.com',
  'content-length' => '',
  'content-type' => '',
)
[ info ] [ PARAM ] array (
)
[ info ] [ DB ] INIT mysql
[ info ] [ SESSION ] INIT array (
  'id' => '',
  'var_session_id' => '',
  'prefix' => 'think',
  'type' => '',
  'auto_start' => true,
)
[ info ] [ LOG ] INIT File
[ sql ] [ DB ] CONNECT:[ UseTime:0.001000s ] mysql:dbname=atalivecar;host=127.0.0.1;port=3306;charset=utf8
[ sql ] [ SQL ] SHOW COLUMNS FROM `aac_config` [ RunTime:0.002000s ]
[ sql ] [ SQL ] SELECT `value` FROM `aac_config` WHERE  `name` = 'APP_DEBUG' LIMIT 1 [ RunTime:0.000000s ]
---------------------------------------------------------------
[ 2017-08-24T01:04:34+08:00 ] 127.0.0.1 127.0.0.1 GET /back/login/login
[ info ] api.atalivecar.com/back/login/login [运行时间：0.010001s][吞吐率：99.99req/s] [内存消耗：422.23kb] [文件加载：68]
[ info ] [ LANG ] F:\aliveDinner\upupw\www\atAliveCar\thinkphp\lang\zh-cn.php
[ info ] [ ROUTE ] array (
  'type' => 'module',
  'module' => 
  array (
    0 => 'back',
    1 => 'login',
    2 => 'login',
  ),
)
[ info ] [ HEADER ] array (
  'cookie' => 'PHPSESSID=mc7vshdocod2vj7nmaoe9op141',
  'accept-language' => 'zh-CN,zh;q=0.8',
  'accept-encoding' => 'gzip, deflate, sdch',
  'accept' => 'text/html,application/xhtml+xml,application/xml;q=0.9,image/webp,*/*;q=0.8',
  'user-agent' => 'Mozilla/5.0 (Windows NT 6.1; Win64; x64) AppleWebKit/537.36 (KHTML, like Gecko) Chrome/58.0.3029.110 Safari/537.36',
  'upgrade-insecure-requests' => '1',
  'connection' => 'keep-alive',
  'host' => 'api.atalivecar.com',
  'content-length' => '',
  'content-type' => '',
)
[ info ] [ PARAM ] array (
)
[ info ] [ DB ] INIT mysql
[ info ] [ RUN ] app\back\controller\LoginController->loginAction[ F:\aliveDinner\upupw\www\atAliveCar\application\back\controller\LoginController.php ]
[ info ] [ SESSION ] INIT array (
  'id' => '',
  'var_session_id' => '',
  'prefix' => 'think',
  'type' => '',
  'auto_start' => true,
)
[ info ] [ VIEW ] F:\aliveDinner\upupw\www\atAliveCar\public/../application/back\view\login\login.html [ array (
  0 => 'URL',
  1 => 'meta_title',
) ]
[ info ] [ LOG ] INIT File
[ sql ] [ DB ] CONNECT:[ UseTime:0.001000s ] mysql:dbname=atalivecar;host=127.0.0.1;port=3306;charset=utf8
[ sql ] [ SQL ] SHOW COLUMNS FROM `aac_config` [ RunTime:0.002000s ]
[ sql ] [ SQL ] SELECT `value` FROM `aac_config` WHERE  `name` = 'APP_DEBUG' LIMIT 1 [ RunTime:0.001000s ]
---------------------------------------------------------------
[ 2017-08-24T01:06:44+08:00 ] 127.0.0.1 127.0.0.1 GET /back/login/login
[ info ] api.atalivecar.com/back/login/login [运行时间：0.010000s][吞吐率：100.00req/s] [内存消耗：195.30kb] [文件加载：49]
[ info ] [ LANG ] F:\aliveDinner\upupw\www\atAliveCar\thinkphp\lang\zh-cn.php
[ info ] [ BIND ] 'home'
[ info ] [ ROUTE ] array (
  'type' => 'module',
  'module' => 
  array (
    0 => 'home',
    1 => 'back',
    2 => 'login',
  ),
)
[ info ] [ HEADER ] array (
  'cookie' => 'PHPSESSID=mc7vshdocod2vj7nmaoe9op141',
  'accept-language' => 'zh-CN,zh;q=0.8',
  'accept-encoding' => 'gzip, deflate, sdch',
  'accept' => 'text/html,application/xhtml+xml,application/xml;q=0.9,image/webp,*/*;q=0.8',
  'user-agent' => 'Mozilla/5.0 (Windows NT 6.1; Win64; x64) AppleWebKit/537.36 (KHTML, like Gecko) Chrome/58.0.3029.110 Safari/537.36',
  'upgrade-insecure-requests' => '1',
  'cache-control' => 'max-age=0',
  'connection' => 'keep-alive',
  'host' => 'api.atalivecar.com',
  'content-length' => '',
  'content-type' => '',
)
[ info ] [ PARAM ] array (
)
[ info ] [ LOG ] INIT File
---------------------------------------------------------------
[ 2017-08-24T01:06:47+08:00 ] 127.0.0.1 127.0.0.1 GET /
[ info ] api.atalivecar.com/ [运行时间：0.007000s][吞吐率：142.85req/s] [内存消耗：194.64kb] [文件加载：49]
[ info ] [ LANG ] F:\aliveDinner\upupw\www\atAliveCar\thinkphp\lang\zh-cn.php
[ info ] [ BIND ] 'home'
[ info ] [ ROUTE ] array (
  'type' => 'module',
  'module' => 
  array (
    0 => 'home',
    1 => NULL,
    2 => NULL,
  ),
)
[ info ] [ HEADER ] array (
  'cookie' => 'PHPSESSID=mc7vshdocod2vj7nmaoe9op141',
  'accept-language' => 'zh-CN,zh;q=0.8',
  'accept-encoding' => 'gzip, deflate, sdch',
  'accept' => 'text/html,application/xhtml+xml,application/xml;q=0.9,image/webp,*/*;q=0.8',
  'user-agent' => 'Mozilla/5.0 (Windows NT 6.1; Win64; x64) AppleWebKit/537.36 (KHTML, like Gecko) Chrome/58.0.3029.110 Safari/537.36',
  'upgrade-insecure-requests' => '1',
  'connection' => 'keep-alive',
  'host' => 'api.atalivecar.com',
  'content-length' => '',
  'content-type' => '',
)
[ info ] [ PARAM ] array (
)
[ info ] [ LOG ] INIT File
---------------------------------------------------------------
[ 2017-08-24T01:06:53+08:00 ] 127.0.0.1 127.0.0.1 GET /
[ info ] m.atalivecar.com/ [运行时间：0.005001s][吞吐率：199.97req/s] [内存消耗：194.64kb] [文件加载：49]
[ info ] [ LANG ] F:\aliveDinner\upupw\www\atAliveCar\thinkphp\lang\zh-cn.php
[ info ] [ BIND ] 'home'
[ info ] [ ROUTE ] array (
  'type' => 'module',
  'module' => 
  array (
    0 => 'home',
    1 => NULL,
    2 => NULL,
  ),
)
[ info ] [ HEADER ] array (
  'cookie' => 'PHPSESSID=8i49g5rm9u02gs3g88v2fmn5l2',
  'accept-language' => 'zh-CN,zh;q=0.8',
  'accept-encoding' => 'gzip, deflate, sdch',
  'accept' => 'text/html,application/xhtml+xml,application/xml;q=0.9,image/webp,*/*;q=0.8',
  'user-agent' => 'Mozilla/5.0 (Windows NT 6.1; Win64; x64) AppleWebKit/537.36 (KHTML, like Gecko) Chrome/58.0.3029.110 Safari/537.36',
  'upgrade-insecure-requests' => '1',
  'connection' => 'keep-alive',
  'host' => 'm.atalivecar.com',
  'content-length' => '',
  'content-type' => '',
)
[ info ] [ PARAM ] array (
)
[ info ] [ LOG ] INIT File
---------------------------------------------------------------
[ 2017-08-24T01:06:57+08:00 ] 127.0.0.1 127.0.0.1 GET /
[ info ] cms.atalivecar.com/ [运行时间：0.008001s][吞吐率：124.98req/s] [内存消耗：194.44kb] [文件加载：49]
[ info ] [ LANG ] F:\aliveDinner\upupw\www\atAliveCar\thinkphp\lang\zh-cn.php
[ info ] [ BIND ] 'home'
[ info ] [ ROUTE ] array (
  'type' => 'module',
  'module' => 
  array (
    0 => 'home',
    1 => NULL,
    2 => NULL,
  ),
)
[ info ] [ HEADER ] array (
  'accept-language' => 'zh-CN,zh;q=0.8',
  'accept-encoding' => 'gzip, deflate, sdch',
  'accept' => 'text/html,application/xhtml+xml,application/xml;q=0.9,image/webp,*/*;q=0.8',
  'user-agent' => 'Mozilla/5.0 (Windows NT 6.1; Win64; x64) AppleWebKit/537.36 (KHTML, like Gecko) Chrome/58.0.3029.110 Safari/537.36',
  'upgrade-insecure-requests' => '1',
  'connection' => 'keep-alive',
  'host' => 'cms.atalivecar.com',
  'content-length' => '',
  'content-type' => '',
)
[ info ] [ PARAM ] array (
)
[ info ] [ LOG ] INIT File
---------------------------------------------------------------
[ 2017-08-24T01:08:02+08:00 ] 127.0.0.1 127.0.0.1 GET /
[ info ] cms.atalivecar.com/ [运行时间：0.151008s][吞吐率：6.62req/s] [内存消耗：407.84kb] [文件加载：70]
[ info ] [ LANG ] F:\aliveDinner\upupw\www\atAliveCar\thinkphp\lang\zh-cn.php
[ info ] [ BIND ] 'back'
[ info ] [ ROUTE ] array (
  'type' => 'module',
  'module' => 
  array (
    0 => 'back',
    1 => NULL,
    2 => NULL,
  ),
)
[ info ] [ HEADER ] array (
  'accept-language' => 'zh-CN,zh;q=0.8',
  'accept-encoding' => 'gzip, deflate, sdch',
  'accept' => 'text/html,application/xhtml+xml,application/xml;q=0.9,image/webp,*/*;q=0.8',
  'user-agent' => 'Mozilla/5.0 (Windows NT 6.1; Win64; x64) AppleWebKit/537.36 (KHTML, like Gecko) Chrome/58.0.3029.110 Safari/537.36',
  'upgrade-insecure-requests' => '1',
  'cache-control' => 'max-age=0',
  'connection' => 'keep-alive',
  'host' => 'cms.atalivecar.com',
  'content-length' => '',
  'content-type' => '',
)
[ info ] [ PARAM ] array (
)
[ info ] [ DB ] INIT mysql
[ info ] [ SESSION ] INIT array (
  'id' => '',
  'var_session_id' => '',
  'prefix' => 'think',
  'type' => '',
  'auto_start' => true,
)
[ info ] [ LOG ] INIT File
[ sql ] [ DB ] CONNECT:[ UseTime:0.010001s ] mysql:dbname=atalivecar;host=127.0.0.1;port=3306;charset=utf8
[ sql ] [ SQL ] SHOW COLUMNS FROM `aac_config` [ RunTime:0.128007s ]
[ sql ] [ SQL ] SELECT `value` FROM `aac_config` WHERE  `name` = 'APP_DEBUG' LIMIT 1 [ RunTime:0.000000s ]
---------------------------------------------------------------
[ 2017-08-24T01:08:02+08:00 ] 127.0.0.1 127.0.0.1 GET /login/login
[ info ] cms.atalivecar.com/login/login [运行时间：0.031001s][吞吐率：32.26req/s] [内存消耗：422.21kb] [文件加载：68]
[ info ] [ LANG ] F:\aliveDinner\upupw\www\atAliveCar\thinkphp\lang\zh-cn.php
[ info ] [ BIND ] 'back'
[ info ] [ ROUTE ] array (
  'type' => 'module',
  'module' => 
  array (
    0 => 'back',
    1 => 'login',
    2 => 'login',
  ),
)
[ info ] [ HEADER ] array (
  'cookie' => 'PHPSESSID=9ba8st23lqkv21sgu2ko39nvv2',
  'accept-language' => 'zh-CN,zh;q=0.8',
  'accept-encoding' => 'gzip, deflate, sdch',
  'accept' => 'text/html,application/xhtml+xml,application/xml;q=0.9,image/webp,*/*;q=0.8',
  'user-agent' => 'Mozilla/5.0 (Windows NT 6.1; Win64; x64) AppleWebKit/537.36 (KHTML, like Gecko) Chrome/58.0.3029.110 Safari/537.36',
  'upgrade-insecure-requests' => '1',
  'cache-control' => 'max-age=0',
  'connection' => 'keep-alive',
  'host' => 'cms.atalivecar.com',
  'content-length' => '',
  'content-type' => '',
)
[ info ] [ PARAM ] array (
)
[ info ] [ DB ] INIT mysql
[ info ] [ RUN ] app\back\controller\LoginController->loginAction[ F:\aliveDinner\upupw\www\atAliveCar\application\back\controller\LoginController.php ]
[ info ] [ SESSION ] INIT array (
  'id' => '',
  'var_session_id' => '',
  'prefix' => 'think',
  'type' => '',
  'auto_start' => true,
)
[ info ] [ VIEW ] F:\aliveDinner\upupw\www\atAliveCar\public/../application/back\view\login\login.html [ array (
  0 => 'URL',
  1 => 'meta_title',
) ]
[ info ] [ LOG ] INIT File
[ sql ] [ DB ] CONNECT:[ UseTime:0.011000s ] mysql:dbname=atalivecar;host=127.0.0.1;port=3306;charset=utf8
[ sql ] [ SQL ] SHOW COLUMNS FROM `aac_config` [ RunTime:0.014001s ]
[ sql ] [ SQL ] SELECT `value` FROM `aac_config` WHERE  `name` = 'APP_DEBUG' LIMIT 1 [ RunTime:0.000000s ]
---------------------------------------------------------------
[ 2017-08-24T01:08:04+08:00 ] 127.0.0.1 127.0.0.1 POST /back/login/login
[ info ] cms.atalivecar.com/back/login/login [运行时间：0.007000s][吞吐率：142.86req/s] [内存消耗：195.30kb] [文件加载：49]
[ info ] [ LANG ] F:\aliveDinner\upupw\www\atAliveCar\thinkphp\lang\zh-cn.php
[ info ] [ BIND ] 'back'
[ info ] [ ROUTE ] array (
  'type' => 'module',
  'module' => 
  array (
    0 => 'back',
    1 => 'back',
    2 => 'login',
  ),
)
[ info ] [ HEADER ] array (
  'cookie' => 'PHPSESSID=9ba8st23lqkv21sgu2ko39nvv2',
  'accept-language' => 'zh-CN,zh;q=0.8',
  'accept-encoding' => 'gzip, deflate',
  'referer' => 'http://cms.atalivecar.com/login/login',
  'content-type' => 'application/x-www-form-urlencoded; charset=UTF-8',
  'user-agent' => 'Mozilla/5.0 (Windows NT 6.1; Win64; x64) AppleWebKit/537.36 (KHTML, like Gecko) Chrome/58.0.3029.110 Safari/537.36',
  'x-requested-with' => 'XMLHttpRequest',
  'origin' => 'http://cms.atalivecar.com',
  'accept' => '*/*',
  'content-length' => '72',
  'connection' => 'keep-alive',
  'host' => 'cms.atalivecar.com',
)
[ info ] [ PARAM ] array (
  '__token__' => '47d05923428e29df564331d5775e2419',
  'username' => 'hfzy',
  'password' => '123456',
)
[ info ] [ LOG ] INIT File
---------------------------------------------------------------
[ 2017-08-24T01:08:05+08:00 ] 127.0.0.1 127.0.0.1 POST /back/login/login
[ info ] cms.atalivecar.com/back/login/login [运行时间：0.009000s][吞吐率：111.11req/s] [内存消耗：195.30kb] [文件加载：49]
[ info ] [ LANG ] F:\aliveDinner\upupw\www\atAliveCar\thinkphp\lang\zh-cn.php
[ info ] [ BIND ] 'back'
[ info ] [ ROUTE ] array (
  'type' => 'module',
  'module' => 
  array (
    0 => 'back',
    1 => 'back',
    2 => 'login',
  ),
)
[ info ] [ HEADER ] array (
  'cookie' => 'PHPSESSID=9ba8st23lqkv21sgu2ko39nvv2',
  'accept-language' => 'zh-CN,zh;q=0.8',
  'accept-encoding' => 'gzip, deflate',
  'referer' => 'http://cms.atalivecar.com/login/login',
  'content-type' => 'application/x-www-form-urlencoded; charset=UTF-8',
  'user-agent' => 'Mozilla/5.0 (Windows NT 6.1; Win64; x64) AppleWebKit/537.36 (KHTML, like Gecko) Chrome/58.0.3029.110 Safari/537.36',
  'x-requested-with' => 'XMLHttpRequest',
  'origin' => 'http://cms.atalivecar.com',
  'accept' => '*/*',
  'content-length' => '72',
  'connection' => 'keep-alive',
  'host' => 'cms.atalivecar.com',
)
[ info ] [ PARAM ] array (
  '__token__' => '47d05923428e29df564331d5775e2419',
  'username' => 'hfzy',
  'password' => '123456',
)
[ info ] [ LOG ] INIT File
---------------------------------------------------------------
[ 2017-08-24T01:08:06+08:00 ] 127.0.0.1 127.0.0.1 POST /back/login/login
[ info ] cms.atalivecar.com/back/login/login [运行时间：0.006000s][吞吐率：166.67req/s] [内存消耗：195.30kb] [文件加载：49]
[ info ] [ LANG ] F:\aliveDinner\upupw\www\atAliveCar\thinkphp\lang\zh-cn.php
[ info ] [ BIND ] 'back'
[ info ] [ ROUTE ] array (
  'type' => 'module',
  'module' => 
  array (
    0 => 'back',
    1 => 'back',
    2 => 'login',
  ),
)
[ info ] [ HEADER ] array (
  'cookie' => 'PHPSESSID=9ba8st23lqkv21sgu2ko39nvv2',
  'accept-language' => 'zh-CN,zh;q=0.8',
  'accept-encoding' => 'gzip, deflate',
  'referer' => 'http://cms.atalivecar.com/login/login',
  'content-type' => 'application/x-www-form-urlencoded; charset=UTF-8',
  'user-agent' => 'Mozilla/5.0 (Windows NT 6.1; Win64; x64) AppleWebKit/537.36 (KHTML, like Gecko) Chrome/58.0.3029.110 Safari/537.36',
  'x-requested-with' => 'XMLHttpRequest',
  'origin' => 'http://cms.atalivecar.com',
  'accept' => '*/*',
  'content-length' => '72',
  'connection' => 'keep-alive',
  'host' => 'cms.atalivecar.com',
)
[ info ] [ PARAM ] array (
  '__token__' => '47d05923428e29df564331d5775e2419',
  'username' => 'hfzy',
  'password' => '123456',
)
[ info ] [ LOG ] INIT File
