---------------------------------------------------------------
[ 2017-09-13T10:55:51+08:00 ] 127.0.0.1 127.0.0.1 GET /cate
[ info ] www.onalivecar.com/cate [运行时间：0.599034s][吞吐率：1.67req/s] [内存消耗：453.88kb] [文件加载：60]
[ info ] [ LANG ] D:\upupw\www\www.onalivecar.com\thinkphp\lang\zh-cn.php
[ info ] [ BIND ] 'back'
[ info ] [ ROUTE ] array (
  'type' => 'module',
  'module' => 
  array (
    0 => 'back',
    1 => 'cate',
    2 => NULL,
  ),
)
[ info ] [ HEADER ] array (
  'accept-language' => 'zh-CN,zh;q=0.8',
  'accept-encoding' => 'gzip, deflate',
  'accept' => 'text/html,application/xhtml+xml,application/xml;q=0.9,image/webp,image/apng,*/*;q=0.8',
  'user-agent' => 'Mozilla/5.0 (Windows NT 6.1; Win64; x64) AppleWebKit/537.36 (KHTML, like Gecko) Chrome/60.0.3112.113 Safari/537.36',
  'upgrade-insecure-requests' => '1',
  'connection' => 'keep-alive',
  'host' => 'www.onalivecar.com',
  'content-length' => '',
  'content-type' => '',
)
[ info ] [ PARAM ] array (
)
[ info ] [ DB ] INIT mysql
[ info ] [ SESSION ] INIT array (
  'id' => '',
  'var_session_id' => '',
  'prefix' => 'think',
  'type' => '',
  'auto_start' => true,
)
[ info ] [ LOG ] INIT File
[ sql ] [ DB ] CONNECT:[ UseTime:0.002000s ] mysql:dbname=onalivecar;host=127.0.0.1;port=3306;charset=utf8
[ sql ] [ SQL ] SHOW COLUMNS FROM `oac_config` [ RunTime:0.037003s ]
[ sql ] [ SQL ] SELECT `value` FROM `oac_config` WHERE  `name` = 'APP_DEBUG' LIMIT 1 [ RunTime:0.010000s ]
---------------------------------------------------------------
[ 2017-09-13T10:55:51+08:00 ] 127.0.0.1 127.0.0.1 GET /login/login
[ info ] www.onalivecar.com/login/login [运行时间：0.117006s][吞吐率：8.55req/s] [内存消耗：381.13kb] [文件加载：62]
[ info ] [ LANG ] D:\upupw\www\www.onalivecar.com\thinkphp\lang\zh-cn.php
[ info ] [ BIND ] 'back'
[ info ] [ ROUTE ] array (
  'type' => 'module',
  'module' => 
  array (
    0 => 'back',
    1 => 'login',
    2 => 'login',
  ),
)
[ info ] [ HEADER ] array (
  'cookie' => 'PHPSESSID=dj0fdkrh3h266qm4s4v42frn77',
  'accept-language' => 'zh-CN,zh;q=0.8',
  'accept-encoding' => 'gzip, deflate',
  'accept' => 'text/html,application/xhtml+xml,application/xml;q=0.9,image/webp,image/apng,*/*;q=0.8',
  'user-agent' => 'Mozilla/5.0 (Windows NT 6.1; Win64; x64) AppleWebKit/537.36 (KHTML, like Gecko) Chrome/60.0.3112.113 Safari/537.36',
  'upgrade-insecure-requests' => '1',
  'connection' => 'keep-alive',
  'host' => 'www.onalivecar.com',
  'content-length' => '',
  'content-type' => '',
)
[ info ] [ PARAM ] array (
)
[ info ] [ DB ] INIT mysql
[ info ] [ RUN ] app\back\controller\LoginController->loginAction[ D:\upupw\www\www.onalivecar.com\application\back\controller\LoginController.php ]
[ info ] [ SESSION ] INIT array (
  'id' => '',
  'var_session_id' => '',
  'prefix' => 'think',
  'type' => '',
  'auto_start' => true,
)
[ info ] [ VIEW ] D:\upupw\www\www.onalivecar.com\public/../application/back\view\login\login.html [ array (
  0 => 'URL',
  1 => 'meta_title',
) ]
[ info ] [ LOG ] INIT File
[ sql ] [ DB ] CONNECT:[ UseTime:0.003000s ] mysql:dbname=onalivecar;host=127.0.0.1;port=3306;charset=utf8
[ sql ] [ SQL ] SHOW COLUMNS FROM `oac_config` [ RunTime:0.012001s ]
[ sql ] [ SQL ] SELECT `value` FROM `oac_config` WHERE  `name` = 'APP_DEBUG' LIMIT 1 [ RunTime:0.000000s ]
---------------------------------------------------------------
[ 2017-09-13T10:56:00+08:00 ] 127.0.0.1 127.0.0.1 POST /login/login
[ info ] www.onalivecar.com/login/login [运行时间：1.470265s][吞吐率：0.68req/s] [内存消耗：334.55kb] [文件加载：63]
[ info ] [ LANG ] D:\upupw\www\www.onalivecar.com\thinkphp\lang\zh-cn.php
[ info ] [ BIND ] 'back'
[ info ] [ ROUTE ] array (
  'type' => 'module',
  'module' => 
  array (
    0 => 'back',
    1 => 'login',
    2 => 'login',
  ),
)
[ info ] [ HEADER ] array (
  'cookie' => 'PHPSESSID=dj0fdkrh3h266qm4s4v42frn77',
  'accept-language' => 'zh-CN,zh;q=0.8',
  'accept-encoding' => 'gzip, deflate',
  'referer' => 'http://www.onalivecar.com/login/login',
  'content-type' => 'application/x-www-form-urlencoded; charset=UTF-8',
  'user-agent' => 'Mozilla/5.0 (Windows NT 6.1; Win64; x64) AppleWebKit/537.36 (KHTML, like Gecko) Chrome/60.0.3112.113 Safari/537.36',
  'x-requested-with' => 'XMLHttpRequest',
  'origin' => 'http://www.onalivecar.com',
  'accept' => '*/*',
  'content-length' => '76',
  'connection' => 'keep-alive',
  'host' => 'www.onalivecar.com',
)
[ info ] [ PARAM ] array (
  '__token__' => '8bc13fe6fd704d0b65206b4e4f2eb807',
  'username' => 'username',
  'password' => '123456',
)
[ info ] [ DB ] INIT mysql
[ info ] [ RUN ] app\back\controller\LoginController->loginAction[ D:\upupw\www\www.onalivecar.com\application\back\controller\LoginController.php ]
[ info ] [ SESSION ] INIT array (
  'id' => '',
  'var_session_id' => '',
  'prefix' => 'think',
  'type' => '',
  'auto_start' => true,
)
[ info ] [ LOG ] INIT File
[ sql ] [ DB ] CONNECT:[ UseTime:0.002000s ] mysql:dbname=onalivecar;host=127.0.0.1;port=3306;charset=utf8
[ sql ] [ SQL ] SHOW COLUMNS FROM `oac_config` [ RunTime:0.007000s ]
[ sql ] [ SQL ] SELECT `value` FROM `oac_config` WHERE  `name` = 'APP_DEBUG' LIMIT 1 [ RunTime:0.001000s ]
[ sql ] [ SQL ] SHOW COLUMNS FROM `oac_back_user` [ RunTime:0.053003s ]
[ sql ] [ SQL ] SELECT `id` FROM `oac_back_user` WHERE  `username` = 'username' LIMIT 1 [ RunTime:0.011001s ]
[ sql ] [ SQL ] SELECT `id` FROM `oac_back_user` WHERE  `username` = 'username' LIMIT 1 [ RunTime:0.000000s ]
[ sql ] [ SQL ] SELECT `t`.*,d.name as departmentName FROM `oac_back_user` `t` INNER JOIN `oac_department` `d` ON `t`.`department_id`=`d`.`id` WHERE  `t`.`is_delete` = '1'  AND `t`.`username` = 'username'  AND `d`.`level` IN ('0','1','2','3') LIMIT 1 [ RunTime:0.019001s ]
[ sql ] [ SQL ] UPDATE `oac_back_user` `t`  INNER JOIN `oac_department` `d` ON `t`.`department_id`=`d`.`id` SET `t`.`password`='$2y$13$/grG8EtH7vjMMcWIF8Auv..4glO5OawM6hPMv1EVHMkc.mt5MLUIC',`t`.`logined_at`='2017-09-13 10:56:00',`t`.`updated_at`='2017-09-13 10:56:00',`t`.`ip`='{\"last\":[\"127.0.0.1\",\"2017-09-12 11:14:51\"],\"current\":[\"127.0.0.1\",\"2017-09-13 10:56:00\"],\"often\":[\"127.0.0.1\"],\"haply\":[\"127.0.0.1\",\"150.255.121.27\"],\"once\":{\"183.23.79.51\":[1,\"2017-09-08 09:29:34\"],\"113.77.137.155\":[1,\"2017-09-08 17:00:03\"],\"127.0.0.1\":[1,\"2017-09-13 10:56:00\"]}}',`t`.`status`='1'  WHERE  `t`.`username` = 'username'  AND `d`.`level` IN ('0','1','2','3') [ RunTime:0.029001s ]
[ sql ] [ SQL ] SHOW COLUMNS FROM `oac_login_log` [ RunTime:0.027002s ]
[ sql ] [ SQL ] INSERT INTO `oac_login_log` (`route` , `url` , `user_agent` , `gets` , `posts` , `user_id` , `app` , `ip` , `target` , `created_at` , `updated_at`) VALUES ('back/login/login' , '/login/login' , 'Mozilla/5.0 (Windows NT 6.1; Win64; x64) AppleWebKit/537.36 (KHTML, like Gecko) Chrome/60.0.3112.113 Safari/537.36' , '[]' , '{\"__token__\":\"8bc13fe6fd704d0b65206b4e4f2eb807\",\"username\":\"username\"}' , 100 , NULL , '1' , '127.0.0.1' , '2017-09-13 10:56:00' , '2017-09-13 10:56:00') [ RunTime:0.031200s ]
---------------------------------------------------------------
[ 2017-09-13T10:56:01+08:00 ] 127.0.0.1 127.0.0.1 GET /index/index
[ info ] www.onalivecar.com/index/index [运行时间：0.334019s][吞吐率：2.99req/s] [内存消耗：480.20kb] [文件加载：75]
[ info ] [ LANG ] D:\upupw\www\www.onalivecar.com\thinkphp\lang\zh-cn.php
[ info ] [ BIND ] 'back'
[ info ] [ ROUTE ] array (
  'type' => 'module',
  'module' => 
  array (
    0 => 'back',
    1 => 'index',
    2 => 'index',
  ),
)
[ info ] [ HEADER ] array (
  'cookie' => 'PHPSESSID=dj0fdkrh3h266qm4s4v42frn77',
  'accept-language' => 'zh-CN,zh;q=0.8',
  'accept-encoding' => 'gzip, deflate',
  'referer' => 'http://www.onalivecar.com/login/login',
  'accept' => 'text/html,application/xhtml+xml,application/xml;q=0.9,image/webp,image/apng,*/*;q=0.8',
  'user-agent' => 'Mozilla/5.0 (Windows NT 6.1; Win64; x64) AppleWebKit/537.36 (KHTML, like Gecko) Chrome/60.0.3112.113 Safari/537.36',
  'upgrade-insecure-requests' => '1',
  'connection' => 'keep-alive',
  'host' => 'www.onalivecar.com',
  'content-length' => '',
  'content-type' => '',
)
[ info ] [ PARAM ] array (
)
[ info ] [ DB ] INIT mysql
[ info ] [ SESSION ] INIT array (
  'id' => '',
  'var_session_id' => '',
  'prefix' => 'think',
  'type' => '',
  'auto_start' => true,
)
[ info ] [ DB ] INIT mysql
[ info ] [ RUN ] app\back\controller\IndexController->indexAction[ D:\upupw\www\www.onalivecar.com\application\back\controller\IndexController.php ]
[ info ] [ VIEW ] D:\upupw\www\www.onalivecar.com\public/../application/back\view\index\index.html [ array (
  0 => 'URL',
) ]
[ info ] [ LOG ] INIT File
[ sql ] [ DB ] CONNECT:[ UseTime:0.001001s ] mysql:dbname=onalivecar;host=127.0.0.1;port=3306;charset=utf8
[ sql ] [ SQL ] SHOW COLUMNS FROM `oac_config` [ RunTime:0.008000s ]
[ sql ] [ SQL ] SELECT `value` FROM `oac_config` WHERE  `name` = 'APP_DEBUG' LIMIT 1 [ RunTime:0.000000s ]
[ sql ] [ SQL ] SHOW COLUMNS FROM `oac_back_user_log` [ RunTime:0.076004s ]
[ sql ] [ SQL ] INSERT INTO `oac_back_user_log` (`route` , `url` , `user_agent` , `gets` , `posts` , `back_user_id` , `ip` , `target` , `created_at` , `updated_at`) VALUES ('/index/index' , '/index/index' , 'Mozilla/5.0 (Windows NT 6.1; Win64; x64) AppleWebKit/537.36 (KHTML, like Gecko) Chrome/60.0.3112.113 Safari/537.36' , '[]' , '[]' , 100 , '127.0.0.1' , '允许访问：/back/index/index' , '2017-09-13 10:56:01' , '2017-09-13 10:56:01') [ RunTime:0.116007s ]
[ log ] /index/index允许访问：/back/index/index
---------------------------------------------------------------
[ 2017-09-13T10:56:01+08:00 ] 127.0.0.1 127.0.0.1 GET /index/nav
[ info ] www.onalivecar.com/index/nav [运行时间：0.343020s][吞吐率：2.92req/s] [内存消耗：523.58kb] [文件加载：78]
[ info ] [ LANG ] D:\upupw\www\www.onalivecar.com\thinkphp\lang\zh-cn.php
[ info ] [ BIND ] 'back'
[ info ] [ ROUTE ] array (
  'type' => 'module',
  'module' => 
  array (
    0 => 'back',
    1 => 'index',
    2 => 'nav',
  ),
)
[ info ] [ HEADER ] array (
  'cookie' => 'PHPSESSID=dj0fdkrh3h266qm4s4v42frn77',
  'accept-language' => 'zh-CN,zh;q=0.8',
  'accept-encoding' => 'gzip, deflate',
  'referer' => 'http://www.onalivecar.com/index/index',
  'user-agent' => 'Mozilla/5.0 (Windows NT 6.1; Win64; x64) AppleWebKit/537.36 (KHTML, like Gecko) Chrome/60.0.3112.113 Safari/537.36',
  'x-requested-with' => 'XMLHttpRequest',
  'accept' => 'application/json, text/javascript, */*; q=0.01',
  'connection' => 'keep-alive',
  'host' => 'www.onalivecar.com',
  'content-length' => '',
  'content-type' => '',
)
[ info ] [ PARAM ] array (
)
[ info ] [ DB ] INIT mysql
[ info ] [ SESSION ] INIT array (
  'id' => '',
  'var_session_id' => '',
  'prefix' => 'think',
  'type' => '',
  'auto_start' => true,
)
[ info ] [ DB ] INIT mysql
[ info ] [ RUN ] app\back\controller\IndexController->navAction[ D:\upupw\www\www.onalivecar.com\application\back\controller\IndexController.php ]
[ info ] [ CACHE ] INIT File
[ info ] [ LOG ] INIT File
[ sql ] [ DB ] CONNECT:[ UseTime:0.002000s ] mysql:dbname=onalivecar;host=127.0.0.1;port=3306;charset=utf8
[ sql ] [ SQL ] SHOW COLUMNS FROM `oac_config` [ RunTime:0.014001s ]
[ sql ] [ SQL ] SELECT `value` FROM `oac_config` WHERE  `name` = 'APP_DEBUG' LIMIT 1 [ RunTime:0.001000s ]
[ sql ] [ SQL ] SHOW COLUMNS FROM `oac_back_user_log` [ RunTime:0.007000s ]
[ sql ] [ SQL ] INSERT INTO `oac_back_user_log` (`route` , `url` , `user_agent` , `gets` , `posts` , `back_user_id` , `ip` , `target` , `created_at` , `updated_at`) VALUES ('/index/nav' , '/index/nav' , 'Mozilla/5.0 (Windows NT 6.1; Win64; x64) AppleWebKit/537.36 (KHTML, like Gecko) Chrome/60.0.3112.113 Safari/537.36' , '[]' , '[]' , 100 , '127.0.0.1' , '允许访问：/back/index/nav_AJAX' , '2017-09-13 10:56:01' , '2017-09-13 10:56:01') [ RunTime:0.037002s ]
[ sql ] [ SQL ] SHOW COLUMNS FROM `oac_menu` [ RunTime:0.028002s ]
[ sql ] [ SQL ] SELECT `id`,`name`,`parent`,`route`,`order`,`type`,`data` FROM `oac_menu` WHERE  `type` = 1 ORDER BY id asc [ RunTime:0.001000s ]
[ sql ] [ SQL ] SHOW COLUMNS FROM `oac_auth_assignment` [ RunTime:0.022001s ]
[ sql ] [ SQL ] SELECT `a`.* FROM `oac_auth_assignment` `t` INNER JOIN `oac_auth_item` `a` ON `t`.`item_name`=`a`.`name` WHERE  `t`.`user_id` = '100'  AND `a`.`type` = 2 [ RunTime:0.049003s ]
[ sql ] [ SQL ] SELECT `item_name` FROM `oac_auth_assignment` WHERE  `user_id` = 100 [ RunTime:0.001000s ]
[ sql ] [ SQL ] SHOW COLUMNS FROM `oac_auth_item_child` [ RunTime:0.029002s ]
[ sql ] [ SQL ] SELECT * FROM `oac_auth_item_child` [ RunTime:0.023001s ]
[ sql ] [ SQL ] SHOW COLUMNS FROM `oac_auth_item` [ RunTime:0.019001s ]
[ sql ] [ SQL ] SELECT * FROM `oac_auth_item` WHERE  `type` = 2  AND `name` IN ('客服部门','后台开放权限','/ajax/*','开放权限','/back/index/home','/back/index/index','/back/login/*','经理部门') [ RunTime:0.001000s ]
[ sql ] [ SQL ] SELECT `id` FROM `oac_menu` WHERE  `type` = 1  AND `route` LIKE '/ajax/%' ORDER BY id asc [ RunTime:0.001000s ]
[ sql ] [ SQL ] SELECT `id` FROM `oac_menu` WHERE  `type` = 1  AND `route` LIKE '/back/%' ORDER BY id asc [ RunTime:0.001000s ]
[ sql ] [ SQL ] SELECT `id` FROM `oac_menu` WHERE  `type` = 1 ORDER BY id asc [ RunTime:0.001000s ]
[ log ] /index/nav允许访问：/back/index/nav_AJAX
---------------------------------------------------------------
[ 2017-09-13T10:56:02+08:00 ] 127.0.0.1 127.0.0.1 GET /index/home.html?iframe=true
[ info ] www.onalivecar.com/index/home.html?iframe=true [运行时间：0.105006s][吞吐率：9.52req/s] [内存消耗：411.23kb] [文件加载：75]
[ info ] [ LANG ] D:\upupw\www\www.onalivecar.com\thinkphp\lang\zh-cn.php
[ info ] [ BIND ] 'back'
[ info ] [ ROUTE ] array (
  'type' => 'module',
  'module' => 
  array (
    0 => 'back',
    1 => 'index',
    2 => 'home',
  ),
)
[ info ] [ HEADER ] array (
  'cookie' => 'PHPSESSID=dj0fdkrh3h266qm4s4v42frn77',
  'accept-language' => 'zh-CN,zh;q=0.8',
  'accept-encoding' => 'gzip, deflate',
  'referer' => 'http://www.onalivecar.com/index/index',
  'accept' => 'text/html,application/xhtml+xml,application/xml;q=0.9,image/webp,image/apng,*/*;q=0.8',
  'user-agent' => 'Mozilla/5.0 (Windows NT 6.1; Win64; x64) AppleWebKit/537.36 (KHTML, like Gecko) Chrome/60.0.3112.113 Safari/537.36',
  'upgrade-insecure-requests' => '1',
  'connection' => 'keep-alive',
  'host' => 'www.onalivecar.com',
  'content-length' => '',
  'content-type' => '',
)
[ info ] [ PARAM ] array (
  'iframe' => 'true',
)
[ info ] [ DB ] INIT mysql
[ info ] [ SESSION ] INIT array (
  'id' => '',
  'var_session_id' => '',
  'prefix' => 'think',
  'type' => '',
  'auto_start' => true,
)
[ info ] [ DB ] INIT mysql
[ info ] [ RUN ] app\back\controller\IndexController->homeAction[ D:\upupw\www\www.onalivecar.com\application\back\controller\IndexController.php ]
[ info ] [ VIEW ] D:\upupw\www\www.onalivecar.com\public/../application/back\view\index\home.html [ array (
  0 => 'URL',
  1 => 'meta_title',
) ]
[ info ] [ LOG ] INIT File
[ sql ] [ DB ] CONNECT:[ UseTime:0.003000s ] mysql:dbname=onalivecar;host=127.0.0.1;port=3306;charset=utf8
[ sql ] [ SQL ] SHOW COLUMNS FROM `oac_config` [ RunTime:0.009000s ]
[ sql ] [ SQL ] SELECT `value` FROM `oac_config` WHERE  `name` = 'APP_DEBUG' LIMIT 1 [ RunTime:0.001000s ]
[ sql ] [ SQL ] SHOW COLUMNS FROM `oac_back_user_log` [ RunTime:0.005001s ]
[ sql ] [ SQL ] INSERT INTO `oac_back_user_log` (`route` , `url` , `user_agent` , `gets` , `posts` , `back_user_id` , `ip` , `target` , `created_at` , `updated_at`) VALUES ('/index/home.html?iframe=true' , '/index/home.html?iframe=true' , 'Mozilla/5.0 (Windows NT 6.1; Win64; x64) AppleWebKit/537.36 (KHTML, like Gecko) Chrome/60.0.3112.113 Safari/537.36' , '{\"iframe\":\"true\"}' , '[]' , 100 , '127.0.0.1' , '允许访问：/back/index/home' , '2017-09-13 10:56:02' , '2017-09-13 10:56:01') [ RunTime:0.037002s ]
[ log ] /index/home.html?iframe=true允许访问：/back/index/home
---------------------------------------------------------------
[ 2017-09-13T10:56:02+08:00 ] 127.0.0.1 127.0.0.1 GET /demo/table/user/?page=1&limit=30
[ info ] www.onalivecar.com/demo/table/user/?page=1&limit=30 [运行时间：0.048002s][吞吐率：20.83req/s] [内存消耗：45.78kb] [文件加载：38]
[ info ] [ LANG ] D:\upupw\www\www.onalivecar.com\thinkphp\lang\zh-cn.php
[ info ] [ BIND ] 'back'
[ info ] [ ROUTE ] array (
  'type' => 'module',
  'module' => 
  array (
    0 => 'back',
    1 => 'demo',
    2 => 'table',
  ),
)
[ info ] [ HEADER ] array (
  'cookie' => 'PHPSESSID=dj0fdkrh3h266qm4s4v42frn77',
  'accept-language' => 'zh-CN,zh;q=0.8',
  'accept-encoding' => 'gzip, deflate',
  'referer' => 'http://www.onalivecar.com/index/home.html?iframe=true',
  'user-agent' => 'Mozilla/5.0 (Windows NT 6.1; Win64; x64) AppleWebKit/537.36 (KHTML, like Gecko) Chrome/60.0.3112.113 Safari/537.36',
  'x-requested-with' => 'XMLHttpRequest',
  'accept' => 'application/json, text/javascript, */*; q=0.01',
  'connection' => 'keep-alive',
  'host' => 'www.onalivecar.com',
  'content-length' => '',
  'content-type' => '',
)
[ info ] [ PARAM ] array (
  'page' => '1',
  'limit' => '30',
)
[ info ] [ LOG ] INIT File
---------------------------------------------------------------
[ 2017-09-13T10:56:08+08:00 ] 127.0.0.1 127.0.0.1 GET /cate
[ info ] www.onalivecar.com/cate [运行时间：0.166208s][吞吐率：6.02req/s] [内存消耗：428.13kb] [文件加载：78]
[ info ] [ LANG ] D:\upupw\www\www.onalivecar.com\thinkphp\lang\zh-cn.php
[ info ] [ BIND ] 'back'
[ info ] [ ROUTE ] array (
  'type' => 'module',
  'module' => 
  array (
    0 => 'back',
    1 => 'cate',
    2 => NULL,
  ),
)
[ info ] [ HEADER ] array (
  'cookie' => 'PHPSESSID=dj0fdkrh3h266qm4s4v42frn77',
  'accept-language' => 'zh-CN,zh;q=0.8',
  'accept-encoding' => 'gzip, deflate',
  'accept' => 'text/html,application/xhtml+xml,application/xml;q=0.9,image/webp,image/apng,*/*;q=0.8',
  'user-agent' => 'Mozilla/5.0 (Windows NT 6.1; Win64; x64) AppleWebKit/537.36 (KHTML, like Gecko) Chrome/60.0.3112.113 Safari/537.36',
  'upgrade-insecure-requests' => '1',
  'connection' => 'keep-alive',
  'host' => 'www.onalivecar.com',
  'content-length' => '',
  'content-type' => '',
)
[ info ] [ PARAM ] array (
)
[ info ] [ DB ] INIT mysql
[ info ] [ SESSION ] INIT array (
  'id' => '',
  'var_session_id' => '',
  'prefix' => 'think',
  'type' => '',
  'auto_start' => true,
)
[ info ] [ DB ] INIT mysql
[ info ] [ RUN ] app\back\controller\CateController->indexAction[ D:\upupw\www\www.onalivecar.com\application\back\controller\CateController.php ]
[ info ] [ VIEW ] D:\upupw\www\www.onalivecar.com\public/../application/back\view\cate\index.html [ array (
  0 => 'URL',
  1 => 'meta_title',
  2 => 'model',
) ]
[ info ] [ LOG ] INIT File
[ sql ] [ DB ] CONNECT:[ UseTime:0.015600s ] mysql:dbname=onalivecar;host=127.0.0.1;port=3306;charset=utf8
[ sql ] [ SQL ] SHOW COLUMNS FROM `oac_config` [ RunTime:0.042002s ]
[ sql ] [ SQL ] SELECT `value` FROM `oac_config` WHERE  `name` = 'APP_DEBUG' LIMIT 1 [ RunTime:0.000000s ]
[ sql ] [ SQL ] SHOW COLUMNS FROM `oac_back_user_log` [ RunTime:0.018001s ]
[ sql ] [ SQL ] INSERT INTO `oac_back_user_log` (`route` , `url` , `user_agent` , `gets` , `posts` , `back_user_id` , `ip` , `target` , `created_at` , `updated_at`) VALUES ('/cate' , '/cate' , 'Mozilla/5.0 (Windows NT 6.1; Win64; x64) AppleWebKit/537.36 (KHTML, like Gecko) Chrome/60.0.3112.113 Safari/537.36' , '[]' , '[]' , 100 , '127.0.0.1' , '允许访问：/back/cate/index' , '2017-09-13 10:56:08' , '2017-09-13 10:56:08') [ RunTime:0.029002s ]
[ log ] /cate允许访问：/back/cate/index
---------------------------------------------------------------
[ 2017-09-13T10:56:08+08:00 ] 127.0.0.1 127.0.0.1 GET /cate/index.html?page=1&limit=20&isAjax=true
[ info ] www.onalivecar.com/cate/index.html?page=1&limit=20&isAjax=true [运行时间：0.235604s][吞吐率：4.24req/s] [内存消耗：519.77kb] [文件加载：76]
[ info ] [ LANG ] D:\upupw\www\www.onalivecar.com\thinkphp\lang\zh-cn.php
[ info ] [ BIND ] 'back'
[ info ] [ ROUTE ] array (
  'type' => 'module',
  'module' => 
  array (
    0 => 'back',
    1 => 'cate',
    2 => 'index',
  ),
)
[ info ] [ HEADER ] array (
  'cookie' => 'PHPSESSID=dj0fdkrh3h266qm4s4v42frn77',
  'accept-language' => 'zh-CN,zh;q=0.8',
  'accept-encoding' => 'gzip, deflate',
  'referer' => 'http://www.onalivecar.com/cate',
  'user-agent' => 'Mozilla/5.0 (Windows NT 6.1; Win64; x64) AppleWebKit/537.36 (KHTML, like Gecko) Chrome/60.0.3112.113 Safari/537.36',
  'x-requested-with' => 'XMLHttpRequest',
  'accept' => 'application/json, text/javascript, */*; q=0.01',
  'connection' => 'keep-alive',
  'host' => 'www.onalivecar.com',
  'content-length' => '',
  'content-type' => '',
)
[ info ] [ PARAM ] array (
  'page' => '1',
  'limit' => '20',
  'isAjax' => 'true',
)
[ info ] [ DB ] INIT mysql
[ info ] [ SESSION ] INIT array (
  'id' => '',
  'var_session_id' => '',
  'prefix' => 'think',
  'type' => '',
  'auto_start' => true,
)
[ info ] [ DB ] INIT mysql
[ info ] [ RUN ] app\back\controller\CateController->indexAction[ D:\upupw\www\www.onalivecar.com\application\back\controller\CateController.php ]
[ info ] [ LOG ] INIT File
[ sql ] [ DB ] CONNECT:[ UseTime:0.010001s ] mysql:dbname=onalivecar;host=127.0.0.1;port=3306;charset=utf8
[ sql ] [ SQL ] SHOW COLUMNS FROM `oac_config` [ RunTime:0.008000s ]
[ sql ] [ SQL ] SELECT `value` FROM `oac_config` WHERE  `name` = 'APP_DEBUG' LIMIT 1 [ RunTime:0.000000s ]
[ sql ] [ SQL ] SHOW COLUMNS FROM `oac_back_user_log` [ RunTime:0.005000s ]
[ sql ] [ SQL ] INSERT INTO `oac_back_user_log` (`route` , `url` , `user_agent` , `gets` , `posts` , `back_user_id` , `ip` , `target` , `created_at` , `updated_at`) VALUES ('/cate/index.html?page=1&limit=20&isAjax=true' , '/cate/index.html?page=1&limit=20&isAjax=true' , 'Mozilla/5.0 (Windows NT 6.1; Win64; x64) AppleWebKit/537.36 (KHTML, like Gecko) Chrome/60.0.3112.113 Safari/537.36' , '{\"page\":\"1\",\"limit\":\"20\",\"isAjax\":\"true\"}' , '[]' , 100 , '127.0.0.1' , '允许访问：/back/cate/index_AJAX' , '2017-09-13 10:56:08' , '2017-09-13 10:56:08') [ RunTime:0.066202s ]
[ sql ] [ SQL ] SHOW COLUMNS FROM `oac_cate` [ RunTime:0.031200s ]
[ sql ] [ SQL ] SELECT COUNT(*) AS tp_count FROM `oac_cate` `t` LEFT JOIN `oac_brand` `b` ON `t`.`id`=`b`.`id` LIMIT 1 [ RunTime:0.046800s ]
[ sql ] [ SQL ] SELECT `t`.*,b.name as brand,b.icon as icon FROM `oac_cate` `t` LEFT JOIN `oac_brand` `b` ON `t`.`id`=`b`.`id` ORDER BY `level`  ASC,`order`  ASC LIMIT 0,20 [ RunTime:0.000000s ]
[ log ] /cate/index.html?page=1&limit=20&isAjax=true允许访问：/back/cate/index_AJAX
---------------------------------------------------------------
[ 2017-09-13T10:56:51+08:00 ] 127.0.0.1 127.0.0.1 GET /cate
[ info ] www.onalivecar.com/cate [运行时间：0.101006s][吞吐率：9.90req/s] [内存消耗：397.70kb] [文件加载：74]
[ info ] [ LANG ] D:\upupw\www\www.onalivecar.com\thinkphp\lang\zh-cn.php
[ info ] [ BIND ] 'back'
[ info ] [ ROUTE ] array (
  'type' => 'module',
  'module' => 
  array (
    0 => 'back',
    1 => 'cate',
    2 => NULL,
  ),
)
[ info ] [ HEADER ] array (
  'cookie' => 'PHPSESSID=dj0fdkrh3h266qm4s4v42frn77',
  'accept-language' => 'zh-CN,zh;q=0.8',
  'accept-encoding' => 'gzip, deflate',
  'accept' => 'text/html,application/xhtml+xml,application/xml;q=0.9,image/webp,image/apng,*/*;q=0.8',
  'user-agent' => 'Mozilla/5.0 (Windows NT 6.1; Win64; x64) AppleWebKit/537.36 (KHTML, like Gecko) Chrome/60.0.3112.113 Safari/537.36',
  'upgrade-insecure-requests' => '1',
  'cache-control' => 'max-age=0',
  'connection' => 'keep-alive',
  'host' => 'www.onalivecar.com',
  'content-length' => '',
  'content-type' => '',
)
[ info ] [ PARAM ] array (
)
[ info ] [ DB ] INIT mysql
[ info ] [ SESSION ] INIT array (
  'id' => '',
  'var_session_id' => '',
  'prefix' => 'think',
  'type' => '',
  'auto_start' => true,
)
[ info ] [ DB ] INIT mysql
[ info ] [ RUN ] app\back\controller\CateController->indexAction[ D:\upupw\www\www.onalivecar.com\application\back\controller\CateController.php ]
[ info ] [ VIEW ] D:\upupw\www\www.onalivecar.com\public/../application/back\view\cate\index.html [ array (
  0 => 'URL',
  1 => 'meta_title',
  2 => 'model',
) ]
[ info ] [ LOG ] INIT File
[ sql ] [ DB ] CONNECT:[ UseTime:0.010001s ] mysql:dbname=onalivecar;host=127.0.0.1;port=3306;charset=utf8
[ sql ] [ SQL ] SHOW COLUMNS FROM `oac_config` [ RunTime:0.015001s ]
[ sql ] [ SQL ] SELECT `value` FROM `oac_config` WHERE  `name` = 'APP_DEBUG' LIMIT 1 [ RunTime:0.001000s ]
[ sql ] [ SQL ] SHOW COLUMNS FROM `oac_back_user_log` [ RunTime:0.014001s ]
[ sql ] [ SQL ] INSERT INTO `oac_back_user_log` (`route` , `url` , `user_agent` , `gets` , `posts` , `back_user_id` , `ip` , `target` , `created_at` , `updated_at`) VALUES ('/cate' , '/cate' , 'Mozilla/5.0 (Windows NT 6.1; Win64; x64) AppleWebKit/537.36 (KHTML, like Gecko) Chrome/60.0.3112.113 Safari/537.36' , '[]' , '[]' , 100 , '127.0.0.1' , '允许访问：/back/cate/index' , '2017-09-13 10:56:51' , '2017-09-13 10:56:51') [ RunTime:0.028002s ]
[ log ] /cate允许访问：/back/cate/index
---------------------------------------------------------------
[ 2017-09-13T10:56:51+08:00 ] 127.0.0.1 127.0.0.1 GET /cate/index.html?page=1&limit=20&isAjax=true
[ info ] www.onalivecar.com/cate/index.html?page=1&limit=20&isAjax=true [运行时间：0.059003s][吞吐率：16.95req/s] [内存消耗：454.55kb] [文件加载：76]
[ info ] [ LANG ] D:\upupw\www\www.onalivecar.com\thinkphp\lang\zh-cn.php
[ info ] [ BIND ] 'back'
[ info ] [ ROUTE ] array (
  'type' => 'module',
  'module' => 
  array (
    0 => 'back',
    1 => 'cate',
    2 => 'index',
  ),
)
[ info ] [ HEADER ] array (
  'cookie' => 'PHPSESSID=dj0fdkrh3h266qm4s4v42frn77',
  'accept-language' => 'zh-CN,zh;q=0.8',
  'accept-encoding' => 'gzip, deflate',
  'referer' => 'http://www.onalivecar.com/cate',
  'user-agent' => 'Mozilla/5.0 (Windows NT 6.1; Win64; x64) AppleWebKit/537.36 (KHTML, like Gecko) Chrome/60.0.3112.113 Safari/537.36',
  'x-requested-with' => 'XMLHttpRequest',
  'accept' => 'application/json, text/javascript, */*; q=0.01',
  'connection' => 'keep-alive',
  'host' => 'www.onalivecar.com',
  'content-length' => '',
  'content-type' => '',
)
[ info ] [ PARAM ] array (
  'page' => '1',
  'limit' => '20',
  'isAjax' => 'true',
)
[ info ] [ DB ] INIT mysql
[ info ] [ SESSION ] INIT array (
  'id' => '',
  'var_session_id' => '',
  'prefix' => 'think',
  'type' => '',
  'auto_start' => true,
)
[ info ] [ DB ] INIT mysql
[ info ] [ RUN ] app\back\controller\CateController->indexAction[ D:\upupw\www\www.onalivecar.com\application\back\controller\CateController.php ]
[ info ] [ LOG ] INIT File
[ sql ] [ DB ] CONNECT:[ UseTime:0.000000s ] mysql:dbname=onalivecar;host=127.0.0.1;port=3306;charset=utf8
[ sql ] [ SQL ] SHOW COLUMNS FROM `oac_config` [ RunTime:0.008000s ]
[ sql ] [ SQL ] SELECT `value` FROM `oac_config` WHERE  `name` = 'APP_DEBUG' LIMIT 1 [ RunTime:0.000000s ]
[ sql ] [ SQL ] SHOW COLUMNS FROM `oac_back_user_log` [ RunTime:0.007001s ]
[ sql ] [ SQL ] INSERT INTO `oac_back_user_log` (`route` , `url` , `user_agent` , `gets` , `posts` , `back_user_id` , `ip` , `target` , `created_at` , `updated_at`) VALUES ('/cate/index.html?page=1&limit=20&isAjax=true' , '/cate/index.html?page=1&limit=20&isAjax=true' , 'Mozilla/5.0 (Windows NT 6.1; Win64; x64) AppleWebKit/537.36 (KHTML, like Gecko) Chrome/60.0.3112.113 Safari/537.36' , '{\"page\":\"1\",\"limit\":\"20\",\"isAjax\":\"true\"}' , '[]' , 100 , '127.0.0.1' , '允许访问：/back/cate/index_AJAX' , '2017-09-13 10:56:51' , '2017-09-13 10:56:51') [ RunTime:0.027001s ]
[ sql ] [ SQL ] SHOW COLUMNS FROM `oac_cate` [ RunTime:0.008001s ]
[ sql ] [ SQL ] SELECT COUNT(*) AS tp_count FROM `oac_cate` `t` LEFT JOIN `oac_brand` `b` ON `t`.`id`=`b`.`id` LIMIT 1 [ RunTime:0.000000s ]
[ sql ] [ SQL ] SELECT `t`.*,b.name as brand,b.icon as icon FROM `oac_cate` `t` LEFT JOIN `oac_brand` `b` ON `t`.`id`=`b`.`id` ORDER BY `level`  ASC,`order`  ASC LIMIT 0,20 [ RunTime:0.001000s ]
[ log ] /cate/index.html?page=1&limit=20&isAjax=true允许访问：/back/cate/index_AJAX
---------------------------------------------------------------
[ 2017-09-13T11:29:24+08:00 ] 127.0.0.1 127.0.0.1 GET /
[ info ] www.onalivecar.com/ [运行时间：0.079005s][吞吐率：12.66req/s] [内存消耗：388.80kb] [文件加载：71]
[ info ] [ LANG ] D:\upupw\www\www.onalivecar.com\thinkphp\lang\zh-cn.php
[ info ] [ BIND ] 'back'
[ info ] [ ROUTE ] array (
  'type' => 'module',
  'module' => 
  array (
    0 => 'back',
    1 => NULL,
    2 => NULL,
  ),
)
[ info ] [ HEADER ] array (
  'cookie' => 'PHPSESSID=dj0fdkrh3h266qm4s4v42frn77',
  'accept-language' => 'zh-CN,zh;q=0.8',
  'accept-encoding' => 'gzip, deflate',
  'accept' => 'text/html,application/xhtml+xml,application/xml;q=0.9,image/webp,image/apng,*/*;q=0.8',
  'user-agent' => 'Mozilla/5.0 (Windows NT 6.1; Win64; x64) AppleWebKit/537.36 (KHTML, like Gecko) Chrome/60.0.3112.113 Safari/537.36',
  'upgrade-insecure-requests' => '1',
  'connection' => 'keep-alive',
  'host' => 'www.onalivecar.com',
  'content-length' => '',
  'content-type' => '',
)
[ info ] [ PARAM ] array (
)
[ info ] [ DB ] INIT mysql
[ info ] [ SESSION ] INIT array (
  'id' => '',
  'var_session_id' => '',
  'prefix' => 'think',
  'type' => '',
  'auto_start' => true,
)
[ info ] [ DB ] INIT mysql
[ info ] [ RUN ] app\back\controller\IndexController->indexAction[ D:\upupw\www\www.onalivecar.com\application\back\controller\IndexController.php ]
[ info ] [ VIEW ] D:\upupw\www\www.onalivecar.com\public/../application/back\view\index\index.html [ array (
  0 => 'URL',
) ]
[ info ] [ LOG ] INIT File
[ sql ] [ DB ] CONNECT:[ UseTime:0.000000s ] mysql:dbname=onalivecar;host=127.0.0.1;port=3306;charset=utf8
[ sql ] [ SQL ] SHOW COLUMNS FROM `oac_config` [ RunTime:0.030002s ]
[ sql ] [ SQL ] SELECT `value` FROM `oac_config` WHERE  `name` = 'APP_DEBUG' LIMIT 1 [ RunTime:0.000000s ]
[ sql ] [ SQL ] SHOW COLUMNS FROM `oac_back_user_log` [ RunTime:0.004000s ]
[ sql ] [ SQL ] INSERT INTO `oac_back_user_log` (`route` , `url` , `user_agent` , `gets` , `posts` , `back_user_id` , `ip` , `target` , `created_at` , `updated_at`) VALUES ('/' , '/' , 'Mozilla/5.0 (Windows NT 6.1; Win64; x64) AppleWebKit/537.36 (KHTML, like Gecko) Chrome/60.0.3112.113 Safari/537.36' , '[]' , '[]' , 100 , '127.0.0.1' , '允许访问：/back/index/index' , '2017-09-13 11:29:24' , '2017-09-13 11:29:24') [ RunTime:0.033001s ]
[ log ] /允许访问：/back/index/index
---------------------------------------------------------------
[ 2017-09-13T11:29:25+08:00 ] 127.0.0.1 127.0.0.1 GET /index/home.html?iframe=true
[ info ] www.onalivecar.com/index/home.html?iframe=true [运行时间：0.078004s][吞吐率：12.82req/s] [内存消耗：389.68kb] [文件加载：71]
[ info ] [ LANG ] D:\upupw\www\www.onalivecar.com\thinkphp\lang\zh-cn.php
[ info ] [ BIND ] 'back'
[ info ] [ ROUTE ] array (
  'type' => 'module',
  'module' => 
  array (
    0 => 'back',
    1 => 'index',
    2 => 'home',
  ),
)
[ info ] [ HEADER ] array (
  'cookie' => 'PHPSESSID=dj0fdkrh3h266qm4s4v42frn77',
  'accept-language' => 'zh-CN,zh;q=0.8',
  'accept-encoding' => 'gzip, deflate',
  'referer' => 'http://www.onalivecar.com/',
  'accept' => 'text/html,application/xhtml+xml,application/xml;q=0.9,image/webp,image/apng,*/*;q=0.8',
  'user-agent' => 'Mozilla/5.0 (Windows NT 6.1; Win64; x64) AppleWebKit/537.36 (KHTML, like Gecko) Chrome/60.0.3112.113 Safari/537.36',
  'upgrade-insecure-requests' => '1',
  'connection' => 'keep-alive',
  'host' => 'www.onalivecar.com',
  'content-length' => '',
  'content-type' => '',
)
[ info ] [ PARAM ] array (
  'iframe' => 'true',
)
[ info ] [ DB ] INIT mysql
[ info ] [ SESSION ] INIT array (
  'id' => '',
  'var_session_id' => '',
  'prefix' => 'think',
  'type' => '',
  'auto_start' => true,
)
[ info ] [ DB ] INIT mysql
[ info ] [ RUN ] app\back\controller\IndexController->homeAction[ D:\upupw\www\www.onalivecar.com\application\back\controller\IndexController.php ]
[ info ] [ VIEW ] D:\upupw\www\www.onalivecar.com\public/../application/back\view\index\home.html [ array (
  0 => 'URL',
  1 => 'meta_title',
) ]
[ info ] [ LOG ] INIT File
[ sql ] [ DB ] CONNECT:[ UseTime:0.001000s ] mysql:dbname=onalivecar;host=127.0.0.1;port=3306;charset=utf8
[ sql ] [ SQL ] SHOW COLUMNS FROM `oac_config` [ RunTime:0.008001s ]
[ sql ] [ SQL ] SELECT `value` FROM `oac_config` WHERE  `name` = 'APP_DEBUG' LIMIT 1 [ RunTime:0.000000s ]
[ sql ] [ SQL ] SHOW COLUMNS FROM `oac_back_user_log` [ RunTime:0.007000s ]
[ sql ] [ SQL ] INSERT INTO `oac_back_user_log` (`route` , `url` , `user_agent` , `gets` , `posts` , `back_user_id` , `ip` , `target` , `created_at` , `updated_at`) VALUES ('/index/home.html?iframe=true' , '/index/home.html?iframe=true' , 'Mozilla/5.0 (Windows NT 6.1; Win64; x64) AppleWebKit/537.36 (KHTML, like Gecko) Chrome/60.0.3112.113 Safari/537.36' , '{\"iframe\":\"true\"}' , '[]' , 100 , '127.0.0.1' , '允许访问：/back/index/home' , '2017-09-13 11:29:25' , '2017-09-13 11:29:25') [ RunTime:0.049003s ]
[ log ] /index/home.html?iframe=true允许访问：/back/index/home
---------------------------------------------------------------
[ 2017-09-13T11:29:25+08:00 ] 127.0.0.1 127.0.0.1 GET /demo/table/user/?page=1&limit=30
[ info ] www.onalivecar.com/demo/table/user/?page=1&limit=30 [运行时间：0.004001s][吞吐率：249.94req/s] [内存消耗：44.64kb] [文件加载：38]
[ info ] [ LANG ] D:\upupw\www\www.onalivecar.com\thinkphp\lang\zh-cn.php
[ info ] [ BIND ] 'back'
[ info ] [ ROUTE ] array (
  'type' => 'module',
  'module' => 
  array (
    0 => 'back',
    1 => 'demo',
    2 => 'table',
  ),
)
[ info ] [ HEADER ] array (
  'cookie' => 'PHPSESSID=dj0fdkrh3h266qm4s4v42frn77',
  'accept-language' => 'zh-CN,zh;q=0.8',
  'accept-encoding' => 'gzip, deflate',
  'referer' => 'http://www.onalivecar.com/index/home.html?iframe=true',
  'user-agent' => 'Mozilla/5.0 (Windows NT 6.1; Win64; x64) AppleWebKit/537.36 (KHTML, like Gecko) Chrome/60.0.3112.113 Safari/537.36',
  'x-requested-with' => 'XMLHttpRequest',
  'accept' => 'application/json, text/javascript, */*; q=0.01',
  'connection' => 'keep-alive',
  'host' => 'www.onalivecar.com',
  'content-length' => '',
  'content-type' => '',
)
[ info ] [ PARAM ] array (
  'page' => '1',
  'limit' => '30',
)
[ info ] [ LOG ] INIT File
---------------------------------------------------------------
[ 2017-09-13T11:29:29+08:00 ] 127.0.0.1 127.0.0.1 GET /cate/index.html
[ info ] www.onalivecar.com/cate/index.html [运行时间：0.077005s][吞吐率：12.99req/s] [内存消耗：396.88kb] [文件加载：74]
[ info ] [ LANG ] D:\upupw\www\www.onalivecar.com\thinkphp\lang\zh-cn.php
[ info ] [ BIND ] 'back'
[ info ] [ ROUTE ] array (
  'type' => 'module',
  'module' => 
  array (
    0 => 'back',
    1 => 'cate',
    2 => 'index',
  ),
)
[ info ] [ HEADER ] array (
  'cookie' => 'PHPSESSID=dj0fdkrh3h266qm4s4v42frn77',
  'accept-language' => 'zh-CN,zh;q=0.8',
  'accept-encoding' => 'gzip, deflate',
  'referer' => 'http://www.onalivecar.com/',
  'accept' => 'text/html,application/xhtml+xml,application/xml;q=0.9,image/webp,image/apng,*/*;q=0.8',
  'user-agent' => 'Mozilla/5.0 (Windows NT 6.1; Win64; x64) AppleWebKit/537.36 (KHTML, like Gecko) Chrome/60.0.3112.113 Safari/537.36',
  'upgrade-insecure-requests' => '1',
  'connection' => 'keep-alive',
  'host' => 'www.onalivecar.com',
  'content-length' => '',
  'content-type' => '',
)
[ info ] [ PARAM ] array (
)
[ info ] [ DB ] INIT mysql
[ info ] [ SESSION ] INIT array (
  'id' => '',
  'var_session_id' => '',
  'prefix' => 'think',
  'type' => '',
  'auto_start' => true,
)
[ info ] [ DB ] INIT mysql
[ info ] [ RUN ] app\back\controller\CateController->indexAction[ D:\upupw\www\www.onalivecar.com\application\back\controller\CateController.php ]
[ info ] [ VIEW ] D:\upupw\www\www.onalivecar.com\public/../application/back\view\cate\index.html [ array (
  0 => 'URL',
  1 => 'meta_title',
  2 => 'model',
) ]
[ info ] [ LOG ] INIT File
[ sql ] [ DB ] CONNECT:[ UseTime:0.002000s ] mysql:dbname=onalivecar;host=127.0.0.1;port=3306;charset=utf8
[ sql ] [ SQL ] SHOW COLUMNS FROM `oac_config` [ RunTime:0.011001s ]
[ sql ] [ SQL ] SELECT `value` FROM `oac_config` WHERE  `name` = 'APP_DEBUG' LIMIT 1 [ RunTime:0.000000s ]
[ sql ] [ SQL ] SHOW COLUMNS FROM `oac_back_user_log` [ RunTime:0.007001s ]
[ sql ] [ SQL ] INSERT INTO `oac_back_user_log` (`route` , `url` , `user_agent` , `gets` , `posts` , `back_user_id` , `ip` , `target` , `created_at` , `updated_at`) VALUES ('/cate/index.html' , '/cate/index.html' , 'Mozilla/5.0 (Windows NT 6.1; Win64; x64) AppleWebKit/537.36 (KHTML, like Gecko) Chrome/60.0.3112.113 Safari/537.36' , '[]' , '[]' , 100 , '127.0.0.1' , '允许访问：/back/cate/index' , '2017-09-13 11:29:29' , '2017-09-13 11:29:29') [ RunTime:0.037002s ]
[ log ] /cate/index.html允许访问：/back/cate/index
---------------------------------------------------------------
[ 2017-09-13T11:29:29+08:00 ] 127.0.0.1 127.0.0.1 GET /cate/index.html?page=1&limit=20&isAjax=true
[ info ] www.onalivecar.com/cate/index.html?page=1&limit=20&isAjax=true [运行时间：0.062004s][吞吐率：16.13req/s] [内存消耗：454.56kb] [文件加载：76]
[ info ] [ LANG ] D:\upupw\www\www.onalivecar.com\thinkphp\lang\zh-cn.php
[ info ] [ BIND ] 'back'
[ info ] [ ROUTE ] array (
  'type' => 'module',
  'module' => 
  array (
    0 => 'back',
    1 => 'cate',
    2 => 'index',
  ),
)
[ info ] [ HEADER ] array (
  'cookie' => 'PHPSESSID=dj0fdkrh3h266qm4s4v42frn77',
  'accept-language' => 'zh-CN,zh;q=0.8',
  'accept-encoding' => 'gzip, deflate',
  'referer' => 'http://www.onalivecar.com/cate/index.html',
  'user-agent' => 'Mozilla/5.0 (Windows NT 6.1; Win64; x64) AppleWebKit/537.36 (KHTML, like Gecko) Chrome/60.0.3112.113 Safari/537.36',
  'x-requested-with' => 'XMLHttpRequest',
  'accept' => 'application/json, text/javascript, */*; q=0.01',
  'connection' => 'keep-alive',
  'host' => 'www.onalivecar.com',
  'content-length' => '',
  'content-type' => '',
)
[ info ] [ PARAM ] array (
  'page' => '1',
  'limit' => '20',
  'isAjax' => 'true',
)
[ info ] [ DB ] INIT mysql
[ info ] [ SESSION ] INIT array (
  'id' => '',
  'var_session_id' => '',
  'prefix' => 'think',
  'type' => '',
  'auto_start' => true,
)
[ info ] [ DB ] INIT mysql
[ info ] [ RUN ] app\back\controller\CateController->indexAction[ D:\upupw\www\www.onalivecar.com\application\back\controller\CateController.php ]
[ info ] [ LOG ] INIT File
[ sql ] [ DB ] CONNECT:[ UseTime:0.001000s ] mysql:dbname=onalivecar;host=127.0.0.1;port=3306;charset=utf8
[ sql ] [ SQL ] SHOW COLUMNS FROM `oac_config` [ RunTime:0.006000s ]
[ sql ] [ SQL ] SELECT `value` FROM `oac_config` WHERE  `name` = 'APP_DEBUG' LIMIT 1 [ RunTime:0.001000s ]
[ sql ] [ SQL ] SHOW COLUMNS FROM `oac_back_user_log` [ RunTime:0.005000s ]
[ sql ] [ SQL ] INSERT INTO `oac_back_user_log` (`route` , `url` , `user_agent` , `gets` , `posts` , `back_user_id` , `ip` , `target` , `created_at` , `updated_at`) VALUES ('/cate/index.html?page=1&limit=20&isAjax=true' , '/cate/index.html?page=1&limit=20&isAjax=true' , 'Mozilla/5.0 (Windows NT 6.1; Win64; x64) AppleWebKit/537.36 (KHTML, like Gecko) Chrome/60.0.3112.113 Safari/537.36' , '{\"page\":\"1\",\"limit\":\"20\",\"isAjax\":\"true\"}' , '[]' , 100 , '127.0.0.1' , '允许访问：/back/cate/index_AJAX' , '2017-09-13 11:29:29' , '2017-09-13 11:29:29') [ RunTime:0.033002s ]
[ sql ] [ SQL ] SHOW COLUMNS FROM `oac_cate` [ RunTime:0.005001s ]
[ sql ] [ SQL ] SELECT COUNT(*) AS tp_count FROM `oac_cate` `t` LEFT JOIN `oac_brand` `b` ON `t`.`id`=`b`.`id` LIMIT 1 [ RunTime:0.000000s ]
[ sql ] [ SQL ] SELECT `t`.*,b.name as brand,b.icon as icon FROM `oac_cate` `t` LEFT JOIN `oac_brand` `b` ON `t`.`id`=`b`.`id` ORDER BY `level`  ASC,`order`  ASC LIMIT 0,20 [ RunTime:0.001000s ]
[ log ] /cate/index.html?page=1&limit=20&isAjax=true允许访问：/back/cate/index_AJAX
---------------------------------------------------------------
[ 2017-09-13T11:29:30+08:00 ] 127.0.0.1 127.0.0.1 GET /cate/create
[ info ] www.onalivecar.com/cate/create [运行时间：0.063003s][吞吐率：15.87req/s] [内存消耗：575.88kb] [文件加载：78]
[ info ] [ LANG ] D:\upupw\www\www.onalivecar.com\thinkphp\lang\zh-cn.php
[ info ] [ BIND ] 'back'
[ info ] [ ROUTE ] array (
  'type' => 'module',
  'module' => 
  array (
    0 => 'back',
    1 => 'cate',
    2 => 'create',
  ),
)
[ info ] [ HEADER ] array (
  'cookie' => 'PHPSESSID=dj0fdkrh3h266qm4s4v42frn77',
  'accept-language' => 'zh-CN,zh;q=0.8',
  'accept-encoding' => 'gzip, deflate',
  'referer' => 'http://www.onalivecar.com/',
  'accept' => 'text/html,application/xhtml+xml,application/xml;q=0.9,image/webp,image/apng,*/*;q=0.8',
  'user-agent' => 'Mozilla/5.0 (Windows NT 6.1; Win64; x64) AppleWebKit/537.36 (KHTML, like Gecko) Chrome/60.0.3112.113 Safari/537.36',
  'upgrade-insecure-requests' => '1',
  'connection' => 'keep-alive',
  'host' => 'www.onalivecar.com',
  'content-length' => '',
  'content-type' => '',
)
[ info ] [ PARAM ] array (
)
[ info ] [ DB ] INIT mysql
[ info ] [ SESSION ] INIT array (
  'id' => '',
  'var_session_id' => '',
  'prefix' => 'think',
  'type' => '',
  'auto_start' => true,
)
[ info ] [ DB ] INIT mysql
[ info ] [ RUN ] app\back\controller\CateController->createAction[ D:\upupw\www\www.onalivecar.com\application\back\controller\CateController.php ]
[ info ] [ VIEW ] D:\upupw\www\www.onalivecar.com\public/../application/back\view\cate\create.html [ array (
  0 => 'URL',
  1 => 'meta_title',
  2 => 'model',
  3 => 'brand',
) ]
[ info ] [ LOG ] INIT File
[ sql ] [ DB ] CONNECT:[ UseTime:0.001000s ] mysql:dbname=onalivecar;host=127.0.0.1;port=3306;charset=utf8
[ sql ] [ SQL ] SHOW COLUMNS FROM `oac_config` [ RunTime:0.009001s ]
[ sql ] [ SQL ] SELECT `value` FROM `oac_config` WHERE  `name` = 'APP_DEBUG' LIMIT 1 [ RunTime:0.001000s ]
[ sql ] [ SQL ] SHOW COLUMNS FROM `oac_back_user_log` [ RunTime:0.007000s ]
[ sql ] [ SQL ] INSERT INTO `oac_back_user_log` (`route` , `url` , `user_agent` , `gets` , `posts` , `back_user_id` , `ip` , `target` , `created_at` , `updated_at`) VALUES ('/cate/create' , '/cate/create' , 'Mozilla/5.0 (Windows NT 6.1; Win64; x64) AppleWebKit/537.36 (KHTML, like Gecko) Chrome/60.0.3112.113 Safari/537.36' , '[]' , '[]' , 100 , '127.0.0.1' , '允许访问：/back/cate/create' , '2017-09-13 11:29:30' , '2017-09-13 11:29:30') [ RunTime:0.021002s ]
[ sql ] [ SQL ] SHOW COLUMNS FROM `oac_cate` [ RunTime:0.005000s ]
[ sql ] [ SQL ] SELECT `id`,`name`,`unique_id` FROM `oac_cate` WHERE  `level` = 1 ORDER BY `order`  ASC,`id`  ASC [ RunTime:0.001000s ]
[ log ] /cate/create允许访问：/back/cate/create
---------------------------------------------------------------
[ 2017-09-13T11:29:34+08:00 ] 127.0.0.1 127.0.0.1 POST /cate/create
[ info ] www.onalivecar.com/cate/create [运行时间：0.086005s][吞吐率：11.63req/s] [内存消耗：530.34kb] [文件加载：74]
[ info ] [ LANG ] D:\upupw\www\www.onalivecar.com\thinkphp\lang\zh-cn.php
[ info ] [ BIND ] 'back'
[ info ] [ ROUTE ] array (
  'type' => 'module',
  'module' => 
  array (
    0 => 'back',
    1 => 'cate',
    2 => 'create',
  ),
)
[ info ] [ HEADER ] array (
  'cookie' => 'PHPSESSID=dj0fdkrh3h266qm4s4v42frn77',
  'accept-language' => 'zh-CN,zh;q=0.8',
  'accept-encoding' => 'gzip, deflate',
  'referer' => 'http://www.onalivecar.com/cate/create',
  'content-type' => 'application/x-www-form-urlencoded; charset=UTF-8',
  'user-agent' => 'Mozilla/5.0 (Windows NT 6.1; Win64; x64) AppleWebKit/537.36 (KHTML, like Gecko) Chrome/60.0.3112.113 Safari/537.36',
  'x-requested-with' => 'XMLHttpRequest',
  'origin' => 'http://www.onalivecar.com',
  'accept' => '*/*',
  'content-length' => '55',
  'connection' => 'keep-alive',
  'host' => 'www.onalivecar.com',
)
[ info ] [ PARAM ] array (
  '\\$level' => '1',
  'brand_id' => '',
  'series_id' => '',
  'name' => 'sd',
  'logo' => '',
  'title' => '',
)
[ info ] [ DB ] INIT mysql
[ info ] [ SESSION ] INIT array (
  'id' => '',
  'var_session_id' => '',
  'prefix' => 'think',
  'type' => '',
  'auto_start' => true,
)
[ info ] [ DB ] INIT mysql
[ info ] [ RUN ] app\back\controller\CateController->createAction[ D:\upupw\www\www.onalivecar.com\application\back\controller\CateController.php ]
[ info ] [ VIEW ] D:\upupw\www\www.onalivecar.com\public/../application/back\view\cate\create.html [ array (
  0 => 'URL',
  1 => 'meta_title',
  2 => 'model',
  3 => 'brand',
) ]
[ info ] [ LOG ] INIT File
[ sql ] [ DB ] CONNECT:[ UseTime:0.002000s ] mysql:dbname=onalivecar;host=127.0.0.1;port=3306;charset=utf8
[ sql ] [ SQL ] SHOW COLUMNS FROM `oac_config` [ RunTime:0.016001s ]
[ sql ] [ SQL ] SELECT `value` FROM `oac_config` WHERE  `name` = 'APP_DEBUG' LIMIT 1 [ RunTime:0.001000s ]
[ sql ] [ SQL ] SHOW COLUMNS FROM `oac_back_user_log` [ RunTime:0.004000s ]
[ sql ] [ SQL ] INSERT INTO `oac_back_user_log` (`route` , `url` , `user_agent` , `gets` , `posts` , `back_user_id` , `ip` , `target` , `created_at` , `updated_at`) VALUES ('/cate/create' , '/cate/create' , 'Mozilla/5.0 (Windows NT 6.1; Win64; x64) AppleWebKit/537.36 (KHTML, like Gecko) Chrome/60.0.3112.113 Safari/537.36' , '[]' , '{\"\\\\$level\":\"1\",\"brand_id\":\"\",\"series_id\":\"\",\"name\":\"sd\",\"logo\":\"\",\"title\":\"\"}' , 100 , '127.0.0.1' , '允许访问：/back/cate/create_AJAX' , '2017-09-13 11:29:34' , '2017-09-13 11:29:34') [ RunTime:0.043003s ]
[ sql ] [ SQL ] SHOW COLUMNS FROM `oac_cate` [ RunTime:0.004000s ]
[ sql ] [ SQL ] SELECT `id`,`name`,`unique_id` FROM `oac_cate` WHERE  `level` = 1 ORDER BY `order`  ASC,`id`  ASC [ RunTime:0.001000s ]
[ log ] /cate/create允许访问：/back/cate/create_AJAX
---------------------------------------------------------------
[ 2017-09-13T11:29:36+08:00 ] 127.0.0.1 127.0.0.1 POST /cate/create
[ info ] www.onalivecar.com/cate/create [运行时间：0.080005s][吞吐率：12.50req/s] [内存消耗：529.38kb] [文件加载：74]
[ info ] [ LANG ] D:\upupw\www\www.onalivecar.com\thinkphp\lang\zh-cn.php
[ info ] [ BIND ] 'back'
[ info ] [ ROUTE ] array (
  'type' => 'module',
  'module' => 
  array (
    0 => 'back',
    1 => 'cate',
    2 => 'create',
  ),
)
[ info ] [ HEADER ] array (
  'cookie' => 'PHPSESSID=dj0fdkrh3h266qm4s4v42frn77',
  'accept-language' => 'zh-CN,zh;q=0.8',
  'accept-encoding' => 'gzip, deflate',
  'referer' => 'http://www.onalivecar.com/cate/create',
  'content-type' => 'application/x-www-form-urlencoded; charset=UTF-8',
  'user-agent' => 'Mozilla/5.0 (Windows NT 6.1; Win64; x64) AppleWebKit/537.36 (KHTML, like Gecko) Chrome/60.0.3112.113 Safari/537.36',
  'x-requested-with' => 'XMLHttpRequest',
  'origin' => 'http://www.onalivecar.com',
  'accept' => '*/*',
  'content-length' => '55',
  'connection' => 'keep-alive',
  'host' => 'www.onalivecar.com',
)
[ info ] [ PARAM ] array (
  '\\$level' => '1',
  'brand_id' => '',
  'series_id' => '',
  'name' => 'sd',
  'logo' => '',
  'title' => '',
)
[ info ] [ DB ] INIT mysql
[ info ] [ SESSION ] INIT array (
  'id' => '',
  'var_session_id' => '',
  'prefix' => 'think',
  'type' => '',
  'auto_start' => true,
)
[ info ] [ DB ] INIT mysql
[ info ] [ RUN ] app\back\controller\CateController->createAction[ D:\upupw\www\www.onalivecar.com\application\back\controller\CateController.php ]
[ info ] [ VIEW ] D:\upupw\www\www.onalivecar.com\public/../application/back\view\cate\create.html [ array (
  0 => 'URL',
  1 => 'meta_title',
  2 => 'model',
  3 => 'brand',
) ]
[ info ] [ LOG ] INIT File
[ sql ] [ DB ] CONNECT:[ UseTime:0.002000s ] mysql:dbname=onalivecar;host=127.0.0.1;port=3306;charset=utf8
[ sql ] [ SQL ] SHOW COLUMNS FROM `oac_config` [ RunTime:0.010000s ]
[ sql ] [ SQL ] SELECT `value` FROM `oac_config` WHERE  `name` = 'APP_DEBUG' LIMIT 1 [ RunTime:0.000000s ]
[ sql ] [ SQL ] SHOW COLUMNS FROM `oac_back_user_log` [ RunTime:0.006000s ]
[ sql ] [ SQL ] INSERT INTO `oac_back_user_log` (`route` , `url` , `user_agent` , `gets` , `posts` , `back_user_id` , `ip` , `target` , `created_at` , `updated_at`) VALUES ('/cate/create' , '/cate/create' , 'Mozilla/5.0 (Windows NT 6.1; Win64; x64) AppleWebKit/537.36 (KHTML, like Gecko) Chrome/60.0.3112.113 Safari/537.36' , '[]' , '{\"\\\\$level\":\"1\",\"brand_id\":\"\",\"series_id\":\"\",\"name\":\"sd\",\"logo\":\"\",\"title\":\"\"}' , 100 , '127.0.0.1' , '允许访问：/back/cate/create_AJAX' , '2017-09-13 11:29:36' , '2017-09-13 11:29:36') [ RunTime:0.034002s ]
[ sql ] [ SQL ] SHOW COLUMNS FROM `oac_cate` [ RunTime:0.005000s ]
[ sql ] [ SQL ] SELECT `id`,`name`,`unique_id` FROM `oac_cate` WHERE  `level` = 1 ORDER BY `order`  ASC,`id`  ASC [ RunTime:0.001000s ]
[ log ] /cate/create允许访问：/back/cate/create_AJAX
---------------------------------------------------------------
[ 2017-09-13T11:29:36+08:00 ] 127.0.0.1 127.0.0.1 POST /cate/create
[ info ] www.onalivecar.com/cate/create [运行时间：0.089005s][吞吐率：11.24req/s] [内存消耗：529.38kb] [文件加载：74]
[ info ] [ LANG ] D:\upupw\www\www.onalivecar.com\thinkphp\lang\zh-cn.php
[ info ] [ BIND ] 'back'
[ info ] [ ROUTE ] array (
  'type' => 'module',
  'module' => 
  array (
    0 => 'back',
    1 => 'cate',
    2 => 'create',
  ),
)
[ info ] [ HEADER ] array (
  'cookie' => 'PHPSESSID=dj0fdkrh3h266qm4s4v42frn77',
  'accept-language' => 'zh-CN,zh;q=0.8',
  'accept-encoding' => 'gzip, deflate',
  'referer' => 'http://www.onalivecar.com/cate/create',
  'content-type' => 'application/x-www-form-urlencoded; charset=UTF-8',
  'user-agent' => 'Mozilla/5.0 (Windows NT 6.1; Win64; x64) AppleWebKit/537.36 (KHTML, like Gecko) Chrome/60.0.3112.113 Safari/537.36',
  'x-requested-with' => 'XMLHttpRequest',
  'origin' => 'http://www.onalivecar.com',
  'accept' => '*/*',
  'content-length' => '55',
  'connection' => 'keep-alive',
  'host' => 'www.onalivecar.com',
)
[ info ] [ PARAM ] array (
  '\\$level' => '1',
  'brand_id' => '',
  'series_id' => '',
  'name' => 'sd',
  'logo' => '',
  'title' => '',
)
[ info ] [ DB ] INIT mysql
[ info ] [ SESSION ] INIT array (
  'id' => '',
  'var_session_id' => '',
  'prefix' => 'think',
  'type' => '',
  'auto_start' => true,
)
[ info ] [ DB ] INIT mysql
[ info ] [ RUN ] app\back\controller\CateController->createAction[ D:\upupw\www\www.onalivecar.com\application\back\controller\CateController.php ]
[ info ] [ VIEW ] D:\upupw\www\www.onalivecar.com\public/../application/back\view\cate\create.html [ array (
  0 => 'URL',
  1 => 'meta_title',
  2 => 'model',
  3 => 'brand',
) ]
[ info ] [ LOG ] INIT File
[ sql ] [ DB ] CONNECT:[ UseTime:0.001000s ] mysql:dbname=onalivecar;host=127.0.0.1;port=3306;charset=utf8
[ sql ] [ SQL ] SHOW COLUMNS FROM `oac_config` [ RunTime:0.008000s ]
[ sql ] [ SQL ] SELECT `value` FROM `oac_config` WHERE  `name` = 'APP_DEBUG' LIMIT 1 [ RunTime:0.000000s ]
[ sql ] [ SQL ] SHOW COLUMNS FROM `oac_back_user_log` [ RunTime:0.008001s ]
[ sql ] [ SQL ] INSERT INTO `oac_back_user_log` (`route` , `url` , `user_agent` , `gets` , `posts` , `back_user_id` , `ip` , `target` , `created_at` , `updated_at`) VALUES ('/cate/create' , '/cate/create' , 'Mozilla/5.0 (Windows NT 6.1; Win64; x64) AppleWebKit/537.36 (KHTML, like Gecko) Chrome/60.0.3112.113 Safari/537.36' , '[]' , '{\"\\\\$level\":\"1\",\"brand_id\":\"\",\"series_id\":\"\",\"name\":\"sd\",\"logo\":\"\",\"title\":\"\"}' , 100 , '127.0.0.1' , '允许访问：/back/cate/create_AJAX' , '2017-09-13 11:29:36' , '2017-09-13 11:29:36') [ RunTime:0.038002s ]
[ sql ] [ SQL ] SHOW COLUMNS FROM `oac_cate` [ RunTime:0.014001s ]
[ sql ] [ SQL ] SELECT `id`,`name`,`unique_id` FROM `oac_cate` WHERE  `level` = 1 ORDER BY `order`  ASC,`id`  ASC [ RunTime:0.002000s ]
[ log ] /cate/create允许访问：/back/cate/create_AJAX
---------------------------------------------------------------
[ 2017-09-13T11:29:41+08:00 ] 127.0.0.1 127.0.0.1 POST /cate/create
[ info ] www.onalivecar.com/cate/create [运行时间：0.090005s][吞吐率：11.11req/s] [内存消耗：529.38kb] [文件加载：74]
[ info ] [ LANG ] D:\upupw\www\www.onalivecar.com\thinkphp\lang\zh-cn.php
[ info ] [ BIND ] 'back'
[ info ] [ ROUTE ] array (
  'type' => 'module',
  'module' => 
  array (
    0 => 'back',
    1 => 'cate',
    2 => 'create',
  ),
)
[ info ] [ HEADER ] array (
  'cookie' => 'PHPSESSID=dj0fdkrh3h266qm4s4v42frn77',
  'accept-language' => 'zh-CN,zh;q=0.8',
  'accept-encoding' => 'gzip, deflate',
  'referer' => 'http://www.onalivecar.com/cate/create',
  'content-type' => 'application/x-www-form-urlencoded; charset=UTF-8',
  'user-agent' => 'Mozilla/5.0 (Windows NT 6.1; Win64; x64) AppleWebKit/537.36 (KHTML, like Gecko) Chrome/60.0.3112.113 Safari/537.36',
  'x-requested-with' => 'XMLHttpRequest',
  'origin' => 'http://www.onalivecar.com',
  'accept' => '*/*',
  'content-length' => '55',
  'connection' => 'keep-alive',
  'host' => 'www.onalivecar.com',
)
[ info ] [ PARAM ] array (
  '\\$level' => '1',
  'brand_id' => '',
  'series_id' => '',
  'name' => 'sd',
  'logo' => '',
  'title' => '',
)
[ info ] [ DB ] INIT mysql
[ info ] [ SESSION ] INIT array (
  'id' => '',
  'var_session_id' => '',
  'prefix' => 'think',
  'type' => '',
  'auto_start' => true,
)
[ info ] [ DB ] INIT mysql
[ info ] [ RUN ] app\back\controller\CateController->createAction[ D:\upupw\www\www.onalivecar.com\application\back\controller\CateController.php ]
[ info ] [ VIEW ] D:\upupw\www\www.onalivecar.com\public/../application/back\view\cate\create.html [ array (
  0 => 'URL',
  1 => 'meta_title',
  2 => 'model',
  3 => 'brand',
) ]
[ info ] [ LOG ] INIT File
[ sql ] [ DB ] CONNECT:[ UseTime:0.002000s ] mysql:dbname=onalivecar;host=127.0.0.1;port=3306;charset=utf8
[ sql ] [ SQL ] SHOW COLUMNS FROM `oac_config` [ RunTime:0.011001s ]
[ sql ] [ SQL ] SELECT `value` FROM `oac_config` WHERE  `name` = 'APP_DEBUG' LIMIT 1 [ RunTime:0.001000s ]
[ sql ] [ SQL ] SHOW COLUMNS FROM `oac_back_user_log` [ RunTime:0.011001s ]
[ sql ] [ SQL ] INSERT INTO `oac_back_user_log` (`route` , `url` , `user_agent` , `gets` , `posts` , `back_user_id` , `ip` , `target` , `created_at` , `updated_at`) VALUES ('/cate/create' , '/cate/create' , 'Mozilla/5.0 (Windows NT 6.1; Win64; x64) AppleWebKit/537.36 (KHTML, like Gecko) Chrome/60.0.3112.113 Safari/537.36' , '[]' , '{\"\\\\$level\":\"1\",\"brand_id\":\"\",\"series_id\":\"\",\"name\":\"sd\",\"logo\":\"\",\"title\":\"\"}' , 100 , '127.0.0.1' , '允许访问：/back/cate/create_AJAX' , '2017-09-13 11:29:41' , '2017-09-13 11:29:41') [ RunTime:0.043002s ]
[ sql ] [ SQL ] SHOW COLUMNS FROM `oac_cate` [ RunTime:0.006000s ]
[ sql ] [ SQL ] SELECT `id`,`name`,`unique_id` FROM `oac_cate` WHERE  `level` = 1 ORDER BY `order`  ASC,`id`  ASC [ RunTime:0.001000s ]
[ log ] /cate/create允许访问：/back/cate/create_AJAX
